Wordnet Tools, version 1.0, implementation by Piek Vossen (piek.vossen@vu.nl), VU University Amsterdam
pathToWordnetFile = ../resources/wneng-30.lmf.xml
pathToInputFile = /home/marten/Dropbox/aaVU/Spinoza/Papers/GWC_2014/Github/Code/WT_input/WT_INPUT__GS_MC_EN.txt
method = all
pathToSubsumerFrequencies = ../resources/ic-semcor.dat.lower-case-cum
subsumersFrequencies subsumers = 22609
subsumersFrequencies nr of words= 95823
posFilter = 
pathToRelFile = ../resources/relations.txt
depth = 15
wordnetData entries = 147629
wordnetData synsets = 95322

word-1	word-2	Similar by path	LCS path	Similar by L&C	LCS L&C	Similar by W&P	LCS W&P	Similar by R	LCS R	Similar by L	LCS L	Similar by J&C	LCS J&C
Method = Path
	Score = 1.0
	Match =eng-30-02958343-n;car;motorcar;automobile;machine;auto
	car[;car;motorcar;automobile;machine;auto->;motor_vehicle;automotive_vehicle->;self-propelled_vehicle->;wheeled_vehicle->;vehicle->;transport;conveyance->;instrumentality;instrumentation->;artifact;artefact->;unit;whole->;physical_object;object->;physical_entity->;entity->]
	automobile[;car;motorcar;automobile;machine;auto->;motor_vehicle;automotive_vehicle->;self-propelled_vehicle->;wheeled_vehicle->;vehicle->;transport;conveyance->;instrumentality;instrumentation->;artifact;artefact->;unit;whole->;physical_object;object->;physical_entity->;entity->]
Method = LeacockChodorow
	Score = 3.4011973816621555
	Match =eng-30-02958343-n;car;motorcar;automobile;machine;auto
	car[;car;motorcar;automobile;machine;auto->;motor_vehicle;automotive_vehicle->;self-propelled_vehicle->;wheeled_vehicle->;vehicle->;transport;conveyance->;instrumentality;instrumentation->;artifact;artefact->;unit;whole->;physical_object;object->;physical_entity->;entity->]
	automobile[;car;motorcar;automobile;machine;auto->;motor_vehicle;automotive_vehicle->;self-propelled_vehicle->;wheeled_vehicle->;vehicle->;transport;conveyance->;instrumentality;instrumentation->;artifact;artefact->;unit;whole->;physical_object;object->;physical_entity->;entity->]
Method = WuPalmer
	Score = 1.0
	Match =eng-30-02958343-n;car;motorcar;automobile;machine;auto
	car[;car;motorcar;automobile;machine;auto->;motor_vehicle;automotive_vehicle->;self-propelled_vehicle->;wheeled_vehicle->;vehicle->;transport;conveyance->;instrumentality;instrumentation->;artifact;artefact->;unit;whole->;physical_object;object->;physical_entity->;entity->]
	automobile[;car;motorcar;automobile;machine;auto->;motor_vehicle;automotive_vehicle->;self-propelled_vehicle->;wheeled_vehicle->;vehicle->;transport;conveyance->;instrumentality;instrumentation->;artifact;artefact->;unit;whole->;physical_object;object->;physical_entity->;entity->]
Method = Resnik
	Score = 7.003585913846818
	Match =eng-30-02958343-n;car;motorcar;automobile;machine;auto
	IcLcs = 0.08262986634774437
	car[;car;motorcar;automobile;machine;auto->;motor_vehicle;automotive_vehicle->;self-propelled_vehicle->;wheeled_vehicle->;vehicle->;transport;conveyance->;instrumentality;instrumentation->;artifact;artefact->;unit;whole->;physical_object;object->;physical_entity->;entity->]
	automobile[;car;motorcar;automobile;machine;auto->;motor_vehicle;automotive_vehicle->;self-propelled_vehicle->;wheeled_vehicle->;vehicle->;transport;conveyance->;instrumentality;instrumentation->;artifact;artefact->;unit;whole->;physical_object;object->;physical_entity->;entity->]
Method = Lin
	Score = 1.286766995E8
	Match =eng-30-02958343-n;car;motorcar;automobile;machine;auto
Ic1 = 0.0
Ic2 = 0.0
IcLcs = 0.0
	car[;car;motorcar;automobile;machine;auto->;motor_vehicle;automotive_vehicle->;self-propelled_vehicle->;wheeled_vehicle->;vehicle->;transport;conveyance->;instrumentality;instrumentation->;artifact;artefact->;unit;whole->;physical_object;object->;physical_entity->;entity->]
	automobile[;car;motorcar;automobile;machine;auto->;motor_vehicle;automotive_vehicle->;self-propelled_vehicle->;wheeled_vehicle->;vehicle->;transport;conveyance->;instrumentality;instrumentation->;artifact;artefact->;unit;whole->;physical_object;object->;physical_entity->;entity->]
Method = JiangConrath
	Score = 1.286766995E8
	Match =eng-30-02958343-n;car;motorcar;automobile;machine;auto
Ic1 = 0.0
Ic2 = 0.0
IcLcs = 0.0
	car[;car;motorcar;automobile;machine;auto->;motor_vehicle;automotive_vehicle->;self-propelled_vehicle->;wheeled_vehicle->;vehicle->;transport;conveyance->;instrumentality;instrumentation->;artifact;artefact->;unit;whole->;physical_object;object->;physical_entity->;entity->]
	automobile[;car;motorcar;automobile;machine;auto->;motor_vehicle;automotive_vehicle->;self-propelled_vehicle->;wheeled_vehicle->;vehicle->;transport;conveyance->;instrumentality;instrumentation->;artifact;artefact->;unit;whole->;physical_object;object->;physical_entity->;entity->]

Method = Path
	Score = 1.0
	Match =eng-30-03596787-n;jewel;gem;precious_stone
	gem[;jewel;gem;precious_stone->;jewelry;jewellery->;adornment->;decoration;ornament;ornamentation->;artifact;artefact->;unit;whole->;physical_object;object->;physical_entity->;entity->]
	jewel[;jewel;gem;precious_stone->;jewelry;jewellery->;adornment->;decoration;ornament;ornamentation->;artifact;artefact->;unit;whole->;physical_object;object->;physical_entity->;entity->]
Method = LeacockChodorow
	Score = 3.4011973816621555
	Match =eng-30-03596787-n;jewel;gem;precious_stone
	gem[;jewel;gem;precious_stone->;jewelry;jewellery->;adornment->;decoration;ornament;ornamentation->;artifact;artefact->;unit;whole->;physical_object;object->;physical_entity->;entity->]
	jewel[;jewel;gem;precious_stone->;jewelry;jewellery->;adornment->;decoration;ornament;ornamentation->;artifact;artefact->;unit;whole->;physical_object;object->;physical_entity->;entity->]
Method = WuPalmer
	Score = 1.0
	Match =eng-30-03596787-n;jewel;gem;precious_stone
	gem[;jewel;gem;precious_stone->;jewelry;jewellery->;adornment->;decoration;ornament;ornamentation->;artifact;artefact->;unit;whole->;physical_object;object->;physical_entity->;entity->]
	jewel[;jewel;gem;precious_stone->;jewelry;jewellery->;adornment->;decoration;ornament;ornamentation->;artifact;artefact->;unit;whole->;physical_object;object->;physical_entity->;entity->]
Method = Resnik
	Score = 9.81984969958926
	Match =eng-30-03596787-n;jewel;gem;precious_stone
	IcLcs = 0.5409848796663741
	gem[;jewel;gem;precious_stone->;jewelry;jewellery->;adornment->;decoration;ornament;ornamentation->;artifact;artefact->;unit;whole->;physical_object;object->;physical_entity->;entity->]
	jewel[;jewel;gem;precious_stone->;jewelry;jewellery->;adornment->;decoration;ornament;ornamentation->;artifact;artefact->;unit;whole->;physical_object;object->;physical_entity->;entity->]
Method = Lin
	Score = 1.286766995E8
	Match =eng-30-03596787-n;jewel;gem;precious_stone
Ic1 = 10.379465487524683
Ic2 = 0.0
IcLcs = 0.0
	gem[;jewel;gem;precious_stone->;jewelry;jewellery->;adornment->;decoration;ornament;ornamentation->;artifact;artefact->;unit;whole->;physical_object;object->;physical_entity->;entity->]
	jewel[;jewel;gem;precious_stone->;jewelry;jewellery->;adornment->;decoration;ornament;ornamentation->;artifact;artefact->;unit;whole->;physical_object;object->;physical_entity->;entity->]
Method = JiangConrath
	Score = 1.286766995E8
	Match =eng-30-03596787-n;jewel;gem;precious_stone
Ic1 = 10.379465487524683
Ic2 = 0.0
IcLcs = 0.0
	gem[;jewel;gem;precious_stone->;jewelry;jewellery->;adornment->;decoration;ornament;ornamentation->;artifact;artefact->;unit;whole->;physical_object;object->;physical_entity->;entity->]
	jewel[;jewel;gem;precious_stone->;jewelry;jewellery->;adornment->;decoration;ornament;ornamentation->;artifact;artefact->;unit;whole->;physical_object;object->;physical_entity->;entity->]

Method = Path
	Score = 0.5
	Match =eng-30-00306426-n;journey;journeying
	journey[;journey;journeying->;travel;travelling;traveling->;move;motion;movement->;change->;action->;deed;human_activity;act;human_action->;event->;psychological_feature->;abstraction;abstract_entity->;entity->]
	voyage[;voyage->;journey;journeying->;travel;travelling;traveling->;move;motion;movement->;change->;action->;deed;human_activity;act;human_action->;event->;psychological_feature->;abstraction;abstract_entity->;entity->]
Method = LeacockChodorow
	Score = 2.70805020110221
	Match =eng-30-00306426-n;journey;journeying
	journey[;journey;journeying->;travel;travelling;traveling->;move;motion;movement->;change->;action->;deed;human_activity;act;human_action->;event->;psychological_feature->;abstraction;abstract_entity->;entity->]
	voyage[;voyage->;journey;journeying->;travel;travelling;traveling->;move;motion;movement->;change->;action->;deed;human_activity;act;human_action->;event->;psychological_feature->;abstraction;abstract_entity->;entity->]
Method = WuPalmer
	Score = 0.9523809523809523
	Match =eng-30-00306426-n;journey;journeying
	journey[;journey;journeying->;travel;travelling;traveling->;move;motion;movement->;change->;action->;deed;human_activity;act;human_action->;event->;psychological_feature->;abstraction;abstract_entity->;entity->]
	voyage[;voyage->;journey;journeying->;travel;travelling;traveling->;move;motion;movement->;change->;action->;deed;human_activity;act;human_action->;event->;psychological_feature->;abstraction;abstract_entity->;entity->]
Method = Resnik
	Score = 7.758426663412103
	Match =eng-30-01845720-v;travel;journey
	IcLcs = 4.271280685268741E-4
	journey[;travel;journey->;travel;trip;jaunt->]
	voyage[;voyage;navigate;sail->;travel;journey->;travel;trip;jaunt->]
Method = Lin
	Score = 0.8276818213211407
	Match =eng-30-00295701-n;travel;travelling;traveling
Ic1 = 8.875388090748409
Ic2 = 11.072612668084629
IcLcs = 0.0
	journey[;journey;journeying->;travel;travelling;traveling->;move;motion;movement->;change->;action->;deed;human_activity;act;human_action->;event->;psychological_feature->;abstraction;abstract_entity->;entity->]
	voyage[;voyage;ocean_trip->;seafaring;water_travel->;travel;travelling;traveling->;move;motion;movement->;change->;action->;deed;human_activity;act;human_action->;event->;psychological_feature->;abstraction;abstract_entity->;entity->]
Method = JiangConrath
	Score = 0.3533884661459109
	Match =eng-30-00295701-n;travel;travelling;traveling
Ic1 = 8.875388090748409
Ic2 = 11.072612668084629
IcLcs = 0.0
	journey[;journey;journeying->;travel;travelling;traveling->;move;motion;movement->;change->;action->;deed;human_activity;act;human_action->;event->;psychological_feature->;abstraction;abstract_entity->;entity->]
	voyage[;voyage;ocean_trip->;seafaring;water_travel->;travel;travelling;traveling->;move;motion;movement->;change->;action->;deed;human_activity;act;human_action->;event->;psychological_feature->;abstraction;abstract_entity->;entity->]

Method = Path
	Score = 0.5
	Match =eng-30-10285313-n;boy;male_child
	boy[;boy;male_child->;male_person;male->;mortal;someone;person;somebody;soul;individual->;organism;being->;animate_thing;living_thing->;unit;whole->;physical_object;object->;physical_entity->;entity->]
	lad[;laddie;sonny;cub;lad;sonny_boy->;boy;male_child->;male_person;male->;mortal;someone;person;somebody;soul;individual->;organism;being->;animate_thing;living_thing->;unit;whole->;physical_object;object->;physical_entity->;entity->]
Method = LeacockChodorow
	Score = 2.70805020110221
	Match =eng-30-10285313-n;boy;male_child
	boy[;boy;male_child->;male_person;male->;mortal;someone;person;somebody;soul;individual->;organism;being->;animate_thing;living_thing->;unit;whole->;physical_object;object->;physical_entity->;entity->]
	lad[;laddie;sonny;cub;lad;sonny_boy->;boy;male_child->;male_person;male->;mortal;someone;person;somebody;soul;individual->;organism;being->;animate_thing;living_thing->;unit;whole->;physical_object;object->;physical_entity->;entity->]
Method = WuPalmer
	Score = 0.9473684210526315
	Match =eng-30-10285313-n;boy;male_child
	boy[;boy;male_child->;male_person;male->;mortal;someone;person;somebody;soul;individual->;organism;being->;animate_thing;living_thing->;unit;whole->;physical_object;object->;physical_entity->;entity->]
	lad[;laddie;sonny;cub;lad;sonny_boy->;boy;male_child->;male_person;male->;mortal;someone;person;somebody;soul;individual->;organism;being->;animate_thing;living_thing->;unit;whole->;physical_object;object->;physical_entity->;entity->]
Method = Resnik
	Score = 6.741879327798298
	Match =eng-30-10285313-n;boy;male_child
	IcLcs = 0.0095909666296489
	boy[;boy;male_child->;male_person;male->;mortal;someone;person;somebody;soul;individual->;organism;being->;animate_thing;living_thing->;unit;whole->;physical_object;object->;physical_entity->;entity->]
	lad[;laddie;sonny;cub;lad;sonny_boy->;boy;male_child->;male_person;male->;mortal;someone;person;somebody;soul;individual->;organism;being->;animate_thing;living_thing->;unit;whole->;physical_object;object->;physical_entity->;entity->]
Method = Lin
	Score = 0.7979404698129293
	Match =eng-30-10285313-n;boy;male_child
Ic1 = 7.606876765284903
Ic2 = 7.705316838098155
IcLcs = 4.646933599582497
	boy[;boy;male_child->;male_person;male->;mortal;someone;person;somebody;soul;individual->;organism;being->;animate_thing;living_thing->;unit;whole->;physical_object;object->;physical_entity->;entity->]
	lad[;laddie;sonny;cub;lad;sonny_boy->;boy;male_child->;male_person;male->;mortal;someone;person;somebody;soul;individual->;organism;being->;animate_thing;living_thing->;unit;whole->;physical_object;object->;physical_entity->;entity->]
Method = JiangConrath
	Score = 0.29287357108779505
	Match =eng-30-10285313-n;boy;male_child
Ic1 = 7.606876765284903
Ic2 = 7.705316838098155
IcLcs = 4.646933599582497
	boy[;boy;male_child->;male_person;male->;mortal;someone;person;somebody;soul;individual->;organism;being->;animate_thing;living_thing->;unit;whole->;physical_object;object->;physical_entity->;entity->]
	lad[;laddie;sonny;cub;lad;sonny_boy->;boy;male_child->;male_person;male->;mortal;someone;person;somebody;soul;individual->;organism;being->;animate_thing;living_thing->;unit;whole->;physical_object;object->;physical_entity->;entity->]

Method = Path
	Score = 0.5
	Match =eng-30-09433442-n;shore
	coast[;seacoast;sea-coast;seashore;coast->;shore->;formation;geological_formation->;physical_object;object->;physical_entity->;entity->]
	shore[;shore->;formation;geological_formation->;physical_object;object->;physical_entity->;entity->]
Method = LeacockChodorow
	Score = 2.70805020110221
	Match =eng-30-09433442-n;shore
	coast[;seacoast;sea-coast;seashore;coast->;shore->;formation;geological_formation->;physical_object;object->;physical_entity->;entity->]
	shore[;shore->;formation;geological_formation->;physical_object;object->;physical_entity->;entity->]
Method = WuPalmer
	Score = 0.9090909090909091
	Match =eng-30-09433442-n;shore
	coast[;seacoast;sea-coast;seashore;coast->;shore->;formation;geological_formation->;physical_object;object->;physical_entity->;entity->]
	shore[;shore->;formation;geological_formation->;physical_object;object->;physical_entity->;entity->]
Method = Resnik
	Score = 8.102198202514929
	Match =eng-30-09433442-n;shore
	IcLcs = 0.002158938237281291
	coast[;seacoast;sea-coast;seashore;coast->;shore->;formation;geological_formation->;physical_object;object->;physical_entity->;entity->]
	shore[;shore->;formation;geological_formation->;physical_object;object->;physical_entity->;entity->]
Method = Lin
	Score = 0.9632037579820005
	Match =eng-30-09433442-n;shore
Ic1 = 0.0
Ic2 = 8.102198202514929
IcLcs = 6.138138734953937
	coast[;seacoast;sea-coast;seashore;coast->;shore->;formation;geological_formation->;physical_object;object->;physical_entity->;entity->]
	shore[;shore->;formation;geological_formation->;physical_object;object->;physical_entity->;entity->]
Method = JiangConrath
	Score = 1.6154065629778043
	Match =eng-30-09433442-n;shore
Ic1 = 0.0
Ic2 = 8.102198202514929
IcLcs = 6.138138734953937
	coast[;seacoast;sea-coast;seashore;coast->;shore->;formation;geological_formation->;physical_object;object->;physical_entity->;entity->]
	shore[;shore->;formation;geological_formation->;physical_object;object->;physical_entity->;entity->]

Method = Path
	Score = 0.5
	Match =eng-30-03746574-n;asylum;insane_asylum;institution;mental_institution;mental_home;psychiatric_hospital;mental_hospital
	asylum[;asylum;insane_asylum;institution;mental_institution;mental_home;psychiatric_hospital;mental_hospital->;hospital;infirmary->;healthcare_facility;medical_building;health_facility->;edifice;building->;structure;construction->;artifact;artefact->;unit;whole->;physical_object;object->;physical_entity->;entity->]
	madhouse[;funny_farm;snake_pit;loony_bin;bedlam;nuthouse;crazy_house;funny_house;booby_hatch;madhouse;cuckoo's_nest;nut_house;sanatorium->;asylum;insane_asylum;institution;mental_institution;mental_home;psychiatric_hospital;mental_hospital->;hospital;infirmary->;healthcare_facility;medical_building;health_facility->;edifice;building->;structure;construction->;artifact;artefact->;unit;whole->;physical_object;object->;physical_entity->;entity->]
Method = LeacockChodorow
	Score = 2.70805020110221
	Match =eng-30-03746574-n;asylum;insane_asylum;institution;mental_institution;mental_home;psychiatric_hospital;mental_hospital
	asylum[;asylum;insane_asylum;institution;mental_institution;mental_home;psychiatric_hospital;mental_hospital->;hospital;infirmary->;healthcare_facility;medical_building;health_facility->;edifice;building->;structure;construction->;artifact;artefact->;unit;whole->;physical_object;object->;physical_entity->;entity->]
	madhouse[;funny_farm;snake_pit;loony_bin;bedlam;nuthouse;crazy_house;funny_house;booby_hatch;madhouse;cuckoo's_nest;nut_house;sanatorium->;asylum;insane_asylum;institution;mental_institution;mental_home;psychiatric_hospital;mental_hospital->;hospital;infirmary->;healthcare_facility;medical_building;health_facility->;edifice;building->;structure;construction->;artifact;artefact->;unit;whole->;physical_object;object->;physical_entity->;entity->]
Method = WuPalmer
	Score = 0.9523809523809523
	Match =eng-30-03746574-n;asylum;insane_asylum;institution;mental_institution;mental_home;psychiatric_hospital;mental_hospital
	asylum[;asylum;insane_asylum;institution;mental_institution;mental_home;psychiatric_hospital;mental_hospital->;hospital;infirmary->;healthcare_facility;medical_building;health_facility->;edifice;building->;structure;construction->;artifact;artefact->;unit;whole->;physical_object;object->;physical_entity->;entity->]
	madhouse[;funny_farm;snake_pit;loony_bin;bedlam;nuthouse;crazy_house;funny_house;booby_hatch;madhouse;cuckoo's_nest;nut_house;sanatorium->;asylum;insane_asylum;institution;mental_institution;mental_home;psychiatric_hospital;mental_hospital->;hospital;infirmary->;healthcare_facility;medical_building;health_facility->;edifice;building->;structure;construction->;artifact;artefact->;unit;whole->;physical_object;object->;physical_entity->;entity->]
Method = Resnik
	Score = 10.667147559976465
	Match =eng-30-03746574-n;asylum;insane_asylum;institution;mental_institution;mental_home;psychiatric_hospital;mental_hospital
	IcLcs = 0.019399380276002392
	asylum[;asylum;insane_asylum;institution;mental_institution;mental_home;psychiatric_hospital;mental_hospital->;hospital;infirmary->;healthcare_facility;medical_building;health_facility->;edifice;building->;structure;construction->;artifact;artefact->;unit;whole->;physical_object;object->;physical_entity->;entity->]
	madhouse[;funny_farm;snake_pit;loony_bin;bedlam;nuthouse;crazy_house;funny_house;booby_hatch;madhouse;cuckoo's_nest;nut_house;sanatorium->;asylum;insane_asylum;institution;mental_institution;mental_home;psychiatric_hospital;mental_hospital->;hospital;infirmary->;healthcare_facility;medical_building;health_facility->;edifice;building->;structure;construction->;artifact;artefact->;unit;whole->;physical_object;object->;physical_entity->;entity->]
Method = Lin
	Score = 0.9813491453514377
	Match =eng-30-03746574-n;asylum;insane_asylum;institution;mental_institution;mental_home;psychiatric_hospital;mental_hospital
Ic1 = 0.0
Ic2 = 11.072612668084629
IcLcs = 3.9425141579590512
	asylum[;asylum;insane_asylum;institution;mental_institution;mental_home;psychiatric_hospital;mental_hospital->;hospital;infirmary->;healthcare_facility;medical_building;health_facility->;edifice;building->;structure;construction->;artifact;artefact->;unit;whole->;physical_object;object->;physical_entity->;entity->]
	madhouse[;funny_farm;snake_pit;loony_bin;bedlam;nuthouse;crazy_house;funny_house;booby_hatch;madhouse;cuckoo's_nest;nut_house;sanatorium->;asylum;insane_asylum;institution;mental_institution;mental_home;psychiatric_hospital;mental_hospital->;hospital;infirmary->;healthcare_facility;medical_building;health_facility->;edifice;building->;structure;construction->;artifact;artefact->;unit;whole->;physical_object;object->;physical_entity->;entity->]
Method = JiangConrath
	Score = 2.4663034623764357
	Match =eng-30-03746574-n;asylum;insane_asylum;institution;mental_institution;mental_home;psychiatric_hospital;mental_hospital
Ic1 = 0.0
Ic2 = 11.072612668084629
IcLcs = 3.9425141579590512
	asylum[;asylum;insane_asylum;institution;mental_institution;mental_home;psychiatric_hospital;mental_hospital->;hospital;infirmary->;healthcare_facility;medical_building;health_facility->;edifice;building->;structure;construction->;artifact;artefact->;unit;whole->;physical_object;object->;physical_entity->;entity->]
	madhouse[;funny_farm;snake_pit;loony_bin;bedlam;nuthouse;crazy_house;funny_house;booby_hatch;madhouse;cuckoo's_nest;nut_house;sanatorium->;asylum;insane_asylum;institution;mental_institution;mental_home;psychiatric_hospital;mental_hospital->;hospital;infirmary->;healthcare_facility;medical_building;health_facility->;edifice;building->;structure;construction->;artifact;artefact->;unit;whole->;physical_object;object->;physical_entity->;entity->]

Method = Path
	Score = 1.0
	Match =eng-30-10625860-n;necromancer;magician;thaumaturge;thaumaturgist;sorcerer;wizard
	magician[;necromancer;magician;thaumaturge;thaumaturgist;sorcerer;wizard->;occultist->;mortal;someone;person;somebody;soul;individual->;organism;being->;animate_thing;living_thing->;unit;whole->;physical_object;object->;physical_entity->;entity->]
	wizard[;necromancer;magician;thaumaturge;thaumaturgist;sorcerer;wizard->;occultist->;mortal;someone;person;somebody;soul;individual->;organism;being->;animate_thing;living_thing->;unit;whole->;physical_object;object->;physical_entity->;entity->]
Method = LeacockChodorow
	Score = 3.4011973816621555
	Match =eng-30-10625860-n;necromancer;magician;thaumaturge;thaumaturgist;sorcerer;wizard
	magician[;necromancer;magician;thaumaturge;thaumaturgist;sorcerer;wizard->;occultist->;mortal;someone;person;somebody;soul;individual->;organism;being->;animate_thing;living_thing->;unit;whole->;physical_object;object->;physical_entity->;entity->]
	wizard[;necromancer;magician;thaumaturge;thaumaturgist;sorcerer;wizard->;occultist->;mortal;someone;person;somebody;soul;individual->;organism;being->;animate_thing;living_thing->;unit;whole->;physical_object;object->;physical_entity->;entity->]
Method = WuPalmer
	Score = 1.0
	Match =eng-30-10625860-n;necromancer;magician;thaumaturge;thaumaturgist;sorcerer;wizard
	magician[;necromancer;magician;thaumaturge;thaumaturgist;sorcerer;wizard->;occultist->;mortal;someone;person;somebody;soul;individual->;organism;being->;animate_thing;living_thing->;unit;whole->;physical_object;object->;physical_entity->;entity->]
	wizard[;necromancer;magician;thaumaturge;thaumaturgist;sorcerer;wizard->;occultist->;mortal;someone;person;somebody;soul;individual->;organism;being->;animate_thing;living_thing->;unit;whole->;physical_object;object->;physical_entity->;entity->]
Method = Resnik
	Score = 11.072612668084629
	Match =eng-30-10625860-n;necromancer;magician;thaumaturge;thaumaturgist;sorcerer;wizard
	IcLcs = 0.14907546188076137
	magician[;necromancer;magician;thaumaturge;thaumaturgist;sorcerer;wizard->;occultist->;mortal;someone;person;somebody;soul;individual->;organism;being->;animate_thing;living_thing->;unit;whole->;physical_object;object->;physical_entity->;entity->]
	wizard[;necromancer;magician;thaumaturge;thaumaturgist;sorcerer;wizard->;occultist->;mortal;someone;person;somebody;soul;individual->;organism;being->;animate_thing;living_thing->;unit;whole->;physical_object;object->;physical_entity->;entity->]
Method = Lin
	Score = 1.286766995E8
	Match =eng-30-10625860-n;necromancer;magician;thaumaturge;thaumaturgist;sorcerer;wizard
Ic1 = 10.156321936210475
Ic2 = 9.280853198856574
IcLcs = 1.9033026456664381
	magician[;necromancer;magician;thaumaturge;thaumaturgist;sorcerer;wizard->;occultist->;mortal;someone;person;somebody;soul;individual->;organism;being->;animate_thing;living_thing->;unit;whole->;physical_object;object->;physical_entity->;entity->]
	wizard[;necromancer;magician;thaumaturge;thaumaturgist;sorcerer;wizard->;occultist->;mortal;someone;person;somebody;soul;individual->;organism;being->;animate_thing;living_thing->;unit;whole->;physical_object;object->;physical_entity->;entity->]
Method = JiangConrath
	Score = 1.286766995E8
	Match =eng-30-10625860-n;necromancer;magician;thaumaturge;thaumaturgist;sorcerer;wizard
Ic1 = 10.156321936210475
Ic2 = 9.280853198856574
IcLcs = 1.9033026456664381
	magician[;necromancer;magician;thaumaturge;thaumaturgist;sorcerer;wizard->;occultist->;mortal;someone;person;somebody;soul;individual->;organism;being->;animate_thing;living_thing->;unit;whole->;physical_object;object->;physical_entity->;entity->]
	wizard[;necromancer;magician;thaumaturge;thaumaturgist;sorcerer;wizard->;occultist->;mortal;someone;person;somebody;soul;individual->;organism;being->;animate_thing;living_thing->;unit;whole->;physical_object;object->;physical_entity->;entity->]

Method = Path
	Score = 1.0
	Match =eng-30-15165490-n;noon;midday;twelve_noon;noontide;high_noon;noonday
	midday[;noon;midday;twelve_noon;noontide;high_noon;noonday->;time_of_day;hour->;time;clock_time->;indication;Reading;meter_reading->;data_point;datum->;information->;noesis;cognition;knowledge->;psychological_feature->;abstraction;abstract_entity->;entity->]
	noon[;noon;midday;twelve_noon;noontide;high_noon;noonday->;time_of_day;hour->;time;clock_time->;indication;Reading;meter_reading->;data_point;datum->;information->;noesis;cognition;knowledge->;psychological_feature->;abstraction;abstract_entity->;entity->]
Method = LeacockChodorow
	Score = 3.4011973816621555
	Match =eng-30-15165490-n;noon;midday;twelve_noon;noontide;high_noon;noonday
	midday[;noon;midday;twelve_noon;noontide;high_noon;noonday->;time_of_day;hour->;time;clock_time->;indication;Reading;meter_reading->;data_point;datum->;information->;noesis;cognition;knowledge->;psychological_feature->;abstraction;abstract_entity->;entity->]
	noon[;noon;midday;twelve_noon;noontide;high_noon;noonday->;time_of_day;hour->;time;clock_time->;indication;Reading;meter_reading->;data_point;datum->;information->;noesis;cognition;knowledge->;psychological_feature->;abstraction;abstract_entity->;entity->]
Method = WuPalmer
	Score = 1.0
	Match =eng-30-15165490-n;noon;midday;twelve_noon;noontide;high_noon;noonday
	midday[;noon;midday;twelve_noon;noontide;high_noon;noonday->;time_of_day;hour->;time;clock_time->;indication;Reading;meter_reading->;data_point;datum->;information->;noesis;cognition;knowledge->;psychological_feature->;abstraction;abstract_entity->;entity->]
	noon[;noon;midday;twelve_noon;noontide;high_noon;noonday->;time_of_day;hour->;time;clock_time->;indication;Reading;meter_reading->;data_point;datum->;information->;noesis;cognition;knowledge->;psychological_feature->;abstraction;abstract_entity->;entity->]
Method = Resnik
	Score = 9.568535271308354
	Match =eng-30-15165490-n;noon;midday;twelve_noon;noontide;high_noon;noonday
	IcLcs = 6.989368394076122E-5
	midday[;noon;midday;twelve_noon;noontide;high_noon;noonday->;time_of_day;hour->;time;clock_time->;indication;Reading;meter_reading->;data_point;datum->;information->;noesis;cognition;knowledge->;psychological_feature->;abstraction;abstract_entity->;entity->]
	noon[;noon;midday;twelve_noon;noontide;high_noon;noonday->;time_of_day;hour->;time;clock_time->;indication;Reading;meter_reading->;data_point;datum->;information->;noesis;cognition;knowledge->;psychological_feature->;abstraction;abstract_entity->;entity->]
Method = Lin
	Score = 1.286766995E8
	Match =eng-30-15165490-n;noon;midday;twelve_noon;noontide;high_noon;noonday
Ic1 = 9.568535271308354
Ic2 = 9.568535271308354
IcLcs = 9.568535271308354
	midday[;noon;midday;twelve_noon;noontide;high_noon;noonday->;time_of_day;hour->;time;clock_time->;indication;Reading;meter_reading->;data_point;datum->;information->;noesis;cognition;knowledge->;psychological_feature->;abstraction;abstract_entity->;entity->]
	noon[;noon;midday;twelve_noon;noontide;high_noon;noonday->;time_of_day;hour->;time;clock_time->;indication;Reading;meter_reading->;data_point;datum->;information->;noesis;cognition;knowledge->;psychological_feature->;abstraction;abstract_entity->;entity->]
Method = JiangConrath
	Score = 1.286766995E8
	Match =eng-30-15165490-n;noon;midday;twelve_noon;noontide;high_noon;noonday
Ic1 = 9.568535271308354
Ic2 = 9.568535271308354
IcLcs = 9.568535271308354
	midday[;noon;midday;twelve_noon;noontide;high_noon;noonday->;time_of_day;hour->;time;clock_time->;indication;Reading;meter_reading->;data_point;datum->;information->;noesis;cognition;knowledge->;psychological_feature->;abstraction;abstract_entity->;entity->]
	noon[;noon;midday;twelve_noon;noontide;high_noon;noonday->;time_of_day;hour->;time;clock_time->;indication;Reading;meter_reading->;data_point;datum->;information->;noesis;cognition;knowledge->;psychological_feature->;abstraction;abstract_entity->;entity->]

Method = Path
	Score = 0.1
	Match =eng-30-00021939-n;artifact;artefact
	furnace[;furnace->;chamber->;enclosure->;area->;structure;construction->;artifact;artefact->;unit;whole->;physical_object;object->;physical_entity->;entity->]
	stove[;stove->;warmer;heater->;device->;instrumentality;instrumentation->;artifact;artefact->;unit;whole->;physical_object;object->;physical_entity->;entity->]
Method = LeacockChodorow
	Score = 1.0986122886681098
	Match =eng-30-00021939-n;artifact;artefact
	furnace[;furnace->;chamber->;enclosure->;area->;structure;construction->;artifact;artefact->;unit;whole->;physical_object;object->;physical_entity->;entity->]
	stove[;stove->;warmer;heater->;device->;instrumentality;instrumentation->;artifact;artefact->;unit;whole->;physical_object;object->;physical_entity->;entity->]
Method = WuPalmer
	Score = 0.5263157894736842
	Match =eng-30-00021939-n;artifact;artefact
	furnace[;furnace->;chamber->;enclosure->;area->;structure;construction->;artifact;artefact->;unit;whole->;physical_object;object->;physical_entity->;entity->]
	stove[;stove->;warmer;heater->;device->;instrumentality;instrumentation->;artifact;artefact->;unit;whole->;physical_object;object->;physical_entity->;entity->]
Method = Resnik
	Score = 2.493384085748939
	Match =eng-30-00021939-n;artifact;artefact
	IcLcs = 0.08262986634774437
	furnace[;furnace->;chamber->;enclosure->;area->;structure;construction->;artifact;artefact->;unit;whole->;physical_object;object->;physical_entity->;entity->]
	stove[;stove->;warmer;heater->;device->;instrumentality;instrumentation->;artifact;artefact->;unit;whole->;physical_object;object->;physical_entity->;entity->]
Method = Lin
	Score = 0.22938469050183416
	Match =eng-30-00021939-n;artifact;artefact
Ic1 = 11.765759848644574
Ic2 = 9.97400037941652
IcLcs = 2.493384085748939
	furnace[;furnace->;chamber->;enclosure->;area->;structure;construction->;artifact;artefact->;unit;whole->;physical_object;object->;physical_entity->;entity->]
	stove[;stove;cooking_stove;kitchen_range;kitchen_stove;range->;kitchen_appliance->;household_appliance;home_appliance->;appliance->;durables;durable_goods;consumer_durables->;consumer_goods->;commodity;good;trade_good->;artifact;artefact->;unit;whole->;physical_object;object->;physical_entity->;entity->]
Method = JiangConrath
	Score = 0.05969082994987968
	Match =eng-30-00021939-n;artifact;artefact
Ic1 = 11.765759848644574
Ic2 = 9.97400037941652
IcLcs = 2.493384085748939
	furnace[;furnace->;chamber->;enclosure->;area->;structure;construction->;artifact;artefact->;unit;whole->;physical_object;object->;physical_entity->;entity->]
	stove[;stove;cooking_stove;kitchen_range;kitchen_stove;range->;kitchen_appliance->;household_appliance;home_appliance->;appliance->;durables;durable_goods;consumer_durables->;consumer_goods->;commodity;good;trade_good->;artifact;artefact->;unit;whole->;physical_object;object->;physical_entity->;entity->]

Method = Path
	Score = 0.1
	Match =eng-30-00001930-n;physical_entity
	food[;food;nutrient->;substance->;matter->;physical_entity->;entity->]
	fruit[;fruit;yield->;product;production->;creation->;artifact;artefact->;unit;whole->;physical_object;object->;physical_entity->;entity->]
Method = LeacockChodorow
	Score = 1.0986122886681098
	Match =eng-30-00001930-n;physical_entity
	food[;food;nutrient->;substance->;matter->;physical_entity->;entity->]
	fruit[;fruit;yield->;product;production->;creation->;artifact;artefact->;unit;whole->;physical_object;object->;physical_entity->;entity->]
Method = WuPalmer
	Score = 0.4
	Match =eng-30-00023100-n;psychological_feature
	food[;intellectual_nourishment;food_for_thought;food->;mental_object;content;cognitive_content->;noesis;cognition;knowledge->;psychological_feature->;abstraction;abstract_entity->;entity->]
	fruit[;fruit->;aftermath;consequence->;termination;result;resultant;final_result;outcome->;ending;finish;conclusion->;occurrent;occurrence;natural_event;happening->;event->;psychological_feature->;abstraction;abstract_entity->;entity->]
Method = Resnik
	Score = 1.7798171161722536
	Match =eng-30-00023100-n;psychological_feature
	IcLcs = 0.5409848796663741
	food[;intellectual_nourishment;food_for_thought;food->;mental_object;content;cognitive_content->;noesis;cognition;knowledge->;psychological_feature->;abstraction;abstract_entity->;entity->]
	fruit[;fruit->;aftermath;consequence->;termination;result;resultant;final_result;outcome->;ending;finish;conclusion->;occurrent;occurrence;natural_event;happening->;event->;psychological_feature->;abstraction;abstract_entity->;entity->]
Method = Lin
	Score = 0.15586199190581818
	Match =eng-30-00023100-n;psychological_feature
Ic1 = 6.578374042803819
Ic2 = 0.0
IcLcs = 0.0
	food[;intellectual_nourishment;food_for_thought;food->;mental_object;content;cognitive_content->;noesis;cognition;knowledge->;psychological_feature->;abstraction;abstract_entity->;entity->]
	fruit[;fruit->;aftermath;consequence->;termination;result;resultant;final_result;outcome->;ending;finish;conclusion->;occurrent;occurrence;natural_event;happening->;event->;psychological_feature->;abstraction;abstract_entity->;entity->]
Method = JiangConrath
	Score = 0.08607225144270927
	Match =eng-30-00001930-n;physical_entity
Ic1 = 6.578374042803819
Ic2 = 0.0
IcLcs = 0.0
	food[;food;nutrient->;substance->;matter->;physical_entity->;entity->]
	fruit[;fruit->;reproductive_structure->;plant_organ->;plant_part;plant_structure->;natural_object->;unit;whole->;physical_object;object->;physical_entity->;entity->]

Method = Path
	Score = 0.5
	Match =eng-30-01503061-n;bird
	bird[;bird->;craniate;vertebrate->;chordate->;fauna;animal;brute;animate_being;creature;beast->;organism;being->;animate_thing;living_thing->;unit;whole->;physical_object;object->;physical_entity->;entity->]
	cock[;cock->;bird->;craniate;vertebrate->;chordate->;fauna;animal;brute;animate_being;creature;beast->;organism;being->;animate_thing;living_thing->;unit;whole->;physical_object;object->;physical_entity->;entity->]
Method = LeacockChodorow
	Score = 2.70805020110221
	Match =eng-30-01503061-n;bird
	bird[;bird->;craniate;vertebrate->;chordate->;fauna;animal;brute;animate_being;creature;beast->;organism;being->;animate_thing;living_thing->;unit;whole->;physical_object;object->;physical_entity->;entity->]
	cock[;cock->;bird->;craniate;vertebrate->;chordate->;fauna;animal;brute;animate_being;creature;beast->;organism;being->;animate_thing;living_thing->;unit;whole->;physical_object;object->;physical_entity->;entity->]
Method = WuPalmer
	Score = 0.9523809523809523
	Match =eng-30-01503061-n;bird
	bird[;bird->;craniate;vertebrate->;chordate->;fauna;animal;brute;animate_being;creature;beast->;organism;being->;animate_thing;living_thing->;unit;whole->;physical_object;object->;physical_entity->;entity->]
	cock[;cock->;bird->;craniate;vertebrate->;chordate->;fauna;animal;brute;animate_being;creature;beast->;organism;being->;animate_thing;living_thing->;unit;whole->;physical_object;object->;physical_entity->;entity->]
Method = Resnik
	Score = 6.937446111342273
	Match =eng-30-01503061-n;bird
	IcLcs = 0.5409848796663741
	bird[;bird->;craniate;vertebrate->;chordate->;fauna;animal;brute;animate_being;creature;beast->;organism;being->;animate_thing;living_thing->;unit;whole->;physical_object;object->;physical_entity->;entity->]
	cock[;cock->;bird->;craniate;vertebrate->;chordate->;fauna;animal;brute;animate_being;creature;beast->;organism;being->;animate_thing;living_thing->;unit;whole->;physical_object;object->;physical_entity->;entity->]
Method = Lin
	Score = 0.7881404411673192
	Match =eng-30-01503061-n;bird
Ic1 = 11.765759848644574
Ic2 = 0.0
IcLcs = 0.6143639493869085
	bird[;bird->;craniate;vertebrate->;chordate->;fauna;animal;brute;animate_being;creature;beast->;organism;being->;animate_thing;living_thing->;unit;whole->;physical_object;object->;physical_entity->;entity->]
	cock[;cock;rooster->;chicken;Gallus_gallus->;domestic_fowl;poultry;fowl->;gallinaceous_bird;gallinacean->;bird->;craniate;vertebrate->;chordate->;fauna;animal;brute;animate_being;creature;beast->;organism;being->;animate_thing;living_thing->;unit;whole->;physical_object;object->;physical_entity->;entity->]
Method = JiangConrath
	Score = 0.2681179750637138
	Match =eng-30-01503061-n;bird
Ic1 = 11.765759848644574
Ic2 = 0.0
IcLcs = 0.6143639493869085
	bird[;bird->;craniate;vertebrate->;chordate->;fauna;animal;brute;animate_being;creature;beast->;organism;being->;animate_thing;living_thing->;unit;whole->;physical_object;object->;physical_entity->;entity->]
	cock[;cock;rooster->;chicken;Gallus_gallus->;domestic_fowl;poultry;fowl->;gallinaceous_bird;gallinacean->;bird->;craniate;vertebrate->;chordate->;fauna;animal;brute;animate_being;creature;beast->;organism;being->;animate_thing;living_thing->;unit;whole->;physical_object;object->;physical_entity->;entity->]

Method = Path
	Score = 0.25
	Match =eng-30-01503061-n;bird
	bird[;bird->;craniate;vertebrate->;chordate->;fauna;animal;brute;animate_being;creature;beast->;organism;being->;animate_thing;living_thing->;unit;whole->;physical_object;object->;physical_entity->;entity->]
	Crane[;Crane->;wader;wading_bird->;aquatic_bird->;bird->;craniate;vertebrate->;chordate->;fauna;animal;brute;animate_being;creature;beast->;organism;being->;animate_thing;living_thing->;unit;whole->;physical_object;object->;physical_entity->;entity->]
Method = LeacockChodorow
	Score = 2.0149030205422647
	Match =eng-30-01503061-n;bird
	bird[;bird->;craniate;vertebrate->;chordate->;fauna;animal;brute;animate_being;creature;beast->;organism;being->;animate_thing;living_thing->;unit;whole->;physical_object;object->;physical_entity->;entity->]
	Crane[;Crane->;wader;wading_bird->;aquatic_bird->;bird->;craniate;vertebrate->;chordate->;fauna;animal;brute;animate_being;creature;beast->;organism;being->;animate_thing;living_thing->;unit;whole->;physical_object;object->;physical_entity->;entity->]
Method = WuPalmer
	Score = 0.8695652173913043
	Match =eng-30-01503061-n;bird
	bird[;bird->;craniate;vertebrate->;chordate->;fauna;animal;brute;animate_being;creature;beast->;organism;being->;animate_thing;living_thing->;unit;whole->;physical_object;object->;physical_entity->;entity->]
	Crane[;Crane->;wader;wading_bird->;aquatic_bird->;bird->;craniate;vertebrate->;chordate->;fauna;animal;brute;animate_being;creature;beast->;organism;being->;animate_thing;living_thing->;unit;whole->;physical_object;object->;physical_entity->;entity->]
Method = Resnik
	Score = 6.937446111342273
	Match =eng-30-01503061-n;bird
	IcLcs = 0.14907546188076137
	bird[;bird->;craniate;vertebrate->;chordate->;fauna;animal;brute;animate_being;creature;beast->;organism;being->;animate_thing;living_thing->;unit;whole->;physical_object;object->;physical_entity->;entity->]
	Crane[;Crane->;wader;wading_bird->;aquatic_bird->;bird->;craniate;vertebrate->;chordate->;fauna;animal;brute;animate_being;creature;beast->;organism;being->;animate_thing;living_thing->;unit;whole->;physical_object;object->;physical_entity->;entity->]
Method = Lin
	Score = 0.0
	Match =
Ic1 = 11.765759848644574
Ic2 = 0.0
IcLcs = 1.9033026456664381
	bird[;bird;birdwatch->;observe->;watch->]
	Crane[;Crane->;wader;wading_bird->;aquatic_bird->;bird->;craniate;vertebrate->;chordate->;fauna;animal;brute;animate_being;creature;beast->;organism;being->;animate_thing;living_thing->;unit;whole->;physical_object;object->;physical_entity->;entity->]
Method = JiangConrath
	Score = 0.0
	Match =
Ic1 = 11.765759848644574
Ic2 = 0.0
IcLcs = 1.9033026456664381
	bird[;bird;birdwatch->;observe->;watch->]
	Crane[;Crane->;wader;wading_bird->;aquatic_bird->;bird->;craniate;vertebrate->;chordate->;fauna;animal;brute;animate_being;creature;beast->;organism;being->;animate_thing;living_thing->;unit;whole->;physical_object;object->;physical_entity->;entity->]

Method = Path
	Score = 0.5
	Match =eng-30-03563967-n;implement
	tool[;tool->;implement->;instrumentality;instrumentation->;artifact;artefact->;unit;whole->;physical_object;object->;physical_entity->;entity->]
	implement[;implement->;instrumentality;instrumentation->;artifact;artefact->;unit;whole->;physical_object;object->;physical_entity->;entity->]
Method = LeacockChodorow
	Score = 2.70805020110221
	Match =eng-30-03563967-n;implement
	tool[;tool->;implement->;instrumentality;instrumentation->;artifact;artefact->;unit;whole->;physical_object;object->;physical_entity->;entity->]
	implement[;implement->;instrumentality;instrumentation->;artifact;artefact->;unit;whole->;physical_object;object->;physical_entity->;entity->]
Method = WuPalmer
	Score = 0.9333333333333333
	Match =eng-30-03563967-n;implement
	tool[;tool->;implement->;instrumentality;instrumentation->;artifact;artefact->;unit;whole->;physical_object;object->;physical_entity->;entity->]
	implement[;implement->;instrumentality;instrumentation->;artifact;artefact->;unit;whole->;physical_object;object->;physical_entity->;entity->]
Method = Resnik
	Score = 6.3104387332868725
	Match =eng-30-03563967-n;implement
	IcLcs = 0.030993965845286447
	tool[;tool->;implement->;instrumentality;instrumentation->;artifact;artefact->;unit;whole->;physical_object;object->;physical_entity->;entity->]
	implement[;implement->;instrumentality;instrumentation->;artifact;artefact->;unit;whole->;physical_object;object->;physical_entity->;entity->]
Method = Lin
	Score = 0.9145873239177384
	Match =eng-30-03563967-n;implement
Ic1 = 0.0
Ic2 = 6.3104387332868725
IcLcs = 0.0
	tool[;tool->;implement->;instrumentality;instrumentation->;artifact;artefact->;unit;whole->;physical_object;object->;physical_entity->;entity->]
	implement[;implement->;instrumentality;instrumentation->;artifact;artefact->;unit;whole->;physical_object;object->;physical_entity->;entity->]
Method = JiangConrath
	Score = 0.8484246900949288
	Match =eng-30-03563967-n;implement
Ic1 = 0.0
Ic2 = 6.3104387332868725
IcLcs = 0.0
	tool[;tool->;implement->;instrumentality;instrumentation->;artifact;artefact->;unit;whole->;physical_object;object->;physical_entity->;entity->]
	implement[;implement->;instrumentality;instrumentation->;artifact;artefact->;unit;whole->;physical_object;object->;physical_entity->;entity->]

Method = Path
	Score = 0.5
	Match =eng-30-10112129-n;Monk;monastic
	brother[;brother->;Monk;monastic->;religious->;religious_person->;mortal;someone;person;somebody;soul;individual->;organism;being->;animate_thing;living_thing->;unit;whole->;physical_object;object->;physical_entity->;entity->]
	Monk[;Monk;monastic->;religious->;religious_person->;mortal;someone;person;somebody;soul;individual->;organism;being->;animate_thing;living_thing->;unit;whole->;physical_object;object->;physical_entity->;entity->]
Method = LeacockChodorow
	Score = 2.70805020110221
	Match =eng-30-10112129-n;Monk;monastic
	brother[;brother->;Monk;monastic->;religious->;religious_person->;mortal;someone;person;somebody;soul;individual->;organism;being->;animate_thing;living_thing->;unit;whole->;physical_object;object->;physical_entity->;entity->]
	Monk[;Monk;monastic->;religious->;religious_person->;mortal;someone;person;somebody;soul;individual->;organism;being->;animate_thing;living_thing->;unit;whole->;physical_object;object->;physical_entity->;entity->]
Method = WuPalmer
	Score = 0.9523809523809523
	Match =eng-30-10112129-n;Monk;monastic
	brother[;brother->;Monk;monastic->;religious->;religious_person->;mortal;someone;person;somebody;soul;individual->;organism;being->;animate_thing;living_thing->;unit;whole->;physical_object;object->;physical_entity->;entity->]
	Monk[;Monk;monastic->;religious->;religious_person->;mortal;someone;person;somebody;soul;individual->;organism;being->;animate_thing;living_thing->;unit;whole->;physical_object;object->;physical_entity->;entity->]
Method = Resnik
	Score = 10.156321936210475
	Match =eng-30-10112129-n;Monk;monastic
	IcLcs = 0.14907546188076137
	brother[;brother->;Monk;monastic->;religious->;religious_person->;mortal;someone;person;somebody;soul;individual->;organism;being->;animate_thing;living_thing->;unit;whole->;physical_object;object->;physical_entity->;entity->]
	Monk[;Monk;monastic->;religious->;religious_person->;mortal;someone;person;somebody;soul;individual->;organism;being->;animate_thing;living_thing->;unit;whole->;physical_object;object->;physical_entity->;entity->]
Method = Lin
	Score = 0.20788439871426262
	Match =eng-30-00007846-n;mortal;someone;person;somebody;soul;individual
Ic1 = 0.0
Ic2 = 0.0
IcLcs = 1.9033026456664381
	brother[;blood_brother;brother->;male_sibling->;kinsman->;relative;relation->;mortal;someone;person;somebody;soul;individual->;organism;being->;animate_thing;living_thing->;unit;whole->;physical_object;object->;physical_entity->;entity->]
	Monk[;Monk;monastic->;religious->;religious_person->;mortal;someone;person;somebody;soul;individual->;organism;being->;animate_thing;living_thing->;unit;whole->;physical_object;object->;physical_entity->;entity->]
Method = JiangConrath
	Score = 0.06894384233921792
	Match =eng-30-00007846-n;mortal;someone;person;somebody;soul;individual
Ic1 = 0.0
Ic2 = 0.0
IcLcs = 1.9033026456664381
	brother[;blood_brother;brother->;male_sibling->;kinsman->;relative;relation->;mortal;someone;person;somebody;soul;individual->;organism;being->;animate_thing;living_thing->;unit;whole->;physical_object;object->;physical_entity->;entity->]
	Monk[;Monk;monastic->;religious->;religious_person->;mortal;someone;person;somebody;soul;individual->;organism;being->;animate_thing;living_thing->;unit;whole->;physical_object;object->;physical_entity->;entity->]

Method = Path
	Score = 0.2
	Match =eng-30-00007846-n;mortal;someone;person;somebody;soul;individual
	lad[;chap;cuss;blighter;fellow;feller;lad;bloke;gent;fella->;male_person;male->;mortal;someone;person;somebody;soul;individual->;organism;being->;animate_thing;living_thing->;unit;whole->;physical_object;object->;physical_entity->;entity->]
	brother[;chum;crony;sidekick;buddy;pal;brother->;friend->;mortal;someone;person;somebody;soul;individual->;organism;being->;animate_thing;living_thing->;unit;whole->;physical_object;object->;physical_entity->;entity->]
Method = LeacockChodorow
	Score = 1.791759469228055
	Match =eng-30-00007846-n;mortal;someone;person;somebody;soul;individual
	lad[;chap;cuss;blighter;fellow;feller;lad;bloke;gent;fella->;male_person;male->;mortal;someone;person;somebody;soul;individual->;organism;being->;animate_thing;living_thing->;unit;whole->;physical_object;object->;physical_entity->;entity->]
	brother[;chum;crony;sidekick;buddy;pal;brother->;friend->;mortal;someone;person;somebody;soul;individual->;organism;being->;animate_thing;living_thing->;unit;whole->;physical_object;object->;physical_entity->;entity->]
Method = WuPalmer
	Score = 0.7777777777777778
	Match =eng-30-00007846-n;mortal;someone;person;somebody;soul;individual
	lad[;chap;cuss;blighter;fellow;feller;lad;bloke;gent;fella->;male_person;male->;mortal;someone;person;somebody;soul;individual->;organism;being->;animate_thing;living_thing->;unit;whole->;physical_object;object->;physical_entity->;entity->]
	brother[;chum;crony;sidekick;buddy;pal;brother->;friend->;mortal;someone;person;somebody;soul;individual->;organism;being->;animate_thing;living_thing->;unit;whole->;physical_object;object->;physical_entity->;entity->]
Method = Resnik
	Score = 1.9033026456664381
	Match =eng-30-00007846-n;mortal;someone;person;somebody;soul;individual
	IcLcs = 0.14907546188076137
	lad[;laddie;sonny;cub;lad;sonny_boy->;boy;male_child->;male_person;male->;mortal;someone;person;somebody;soul;individual->;organism;being->;animate_thing;living_thing->;unit;whole->;physical_object;object->;physical_entity->;entity->]
	brother[;blood_brother;brother->;male_sibling->;kinsman->;relative;relation->;mortal;someone;person;somebody;soul;individual->;organism;being->;animate_thing;living_thing->;unit;whole->;physical_object;object->;physical_entity->;entity->]
Method = Lin
	Score = 0.24001054122796728
	Match =eng-30-00007846-n;mortal;someone;person;somebody;soul;individual
Ic1 = 7.705316838098155
Ic2 = 0.0
IcLcs = 1.9033026456664381
	lad[;chap;cuss;blighter;fellow;feller;lad;bloke;gent;fella->;male_person;male->;mortal;someone;person;somebody;soul;individual->;organism;being->;animate_thing;living_thing->;unit;whole->;physical_object;object->;physical_entity->;entity->]
	brother[;blood_brother;brother->;male_sibling->;kinsman->;relative;relation->;mortal;someone;person;somebody;soul;individual->;organism;being->;animate_thing;living_thing->;unit;whole->;physical_object;object->;physical_entity->;entity->]
Method = JiangConrath
	Score = 0.08296308648149416
	Match =eng-30-00007846-n;mortal;someone;person;somebody;soul;individual
Ic1 = 7.705316838098155
Ic2 = 0.0
IcLcs = 1.9033026456664381
	lad[;chap;cuss;blighter;fellow;feller;lad;bloke;gent;fella->;male_person;male->;mortal;someone;person;somebody;soul;individual->;organism;being->;animate_thing;living_thing->;unit;whole->;physical_object;object->;physical_entity->;entity->]
	brother[;blood_brother;brother->;male_sibling->;kinsman->;relative;relation->;mortal;someone;person;somebody;soul;individual->;organism;being->;animate_thing;living_thing->;unit;whole->;physical_object;object->;physical_entity->;entity->]

Method = Path
	Score = 0.2
	Match =eng-30-03575240-n;instrumentality;instrumentation
	Crane[;Crane->;lifting_device->;device->;instrumentality;instrumentation->;artifact;artefact->;unit;whole->;physical_object;object->;physical_entity->;entity->]
	implement[;implement->;instrumentality;instrumentation->;artifact;artefact->;unit;whole->;physical_object;object->;physical_entity->;entity->]
Method = LeacockChodorow
	Score = 1.791759469228055
	Match =eng-30-03575240-n;instrumentality;instrumentation
	Crane[;Crane->;lifting_device->;device->;instrumentality;instrumentation->;artifact;artefact->;unit;whole->;physical_object;object->;physical_entity->;entity->]
	implement[;implement->;instrumentality;instrumentation->;artifact;artefact->;unit;whole->;physical_object;object->;physical_entity->;entity->]
Method = WuPalmer
	Score = 0.75
	Match =eng-30-03575240-n;instrumentality;instrumentation
	Crane[;Crane->;lifting_device->;device->;instrumentality;instrumentation->;artifact;artefact->;unit;whole->;physical_object;object->;physical_entity->;entity->]
	implement[;implement->;instrumentality;instrumentation->;artifact;artefact->;unit;whole->;physical_object;object->;physical_entity->;entity->]
Method = Resnik
	Score = 3.445068277596125
	Match =eng-30-03575240-n;instrumentality;instrumentation
	IcLcs = 0.5409848796663741
	Crane[;Crane->;lifting_device->;device->;instrumentality;instrumentation->;artifact;artefact->;unit;whole->;physical_object;object->;physical_entity->;entity->]
	implement[;implement->;instrumentality;instrumentation->;artifact;artefact->;unit;whole->;physical_object;object->;physical_entity->;entity->]
Method = Lin
	Score = 0.0
	Match =
Ic1 = 0.0
Ic2 = 6.3104387332868725
IcLcs = 0.6143639493869085
	Crane[;Crane->;wader;wading_bird->;aquatic_bird->;bird->;craniate;vertebrate->;chordate->;fauna;animal;brute;animate_being;creature;beast->;organism;being->;animate_thing;living_thing->;unit;whole->;physical_object;object->;physical_entity->;entity->]
	implement[;put_through;go_through;follow_up;carry_out;follow_out;implement;follow_through->;complete;finish->;end;terminate->;change;alter;modify->]
Method = JiangConrath
	Score = 0.0
	Match =
Ic1 = 0.0
Ic2 = 6.3104387332868725
IcLcs = 0.6143639493869085
	Crane[;Crane->;wader;wading_bird->;aquatic_bird->;bird->;craniate;vertebrate->;chordate->;fauna;animal;brute;animate_being;creature;beast->;organism;being->;animate_thing;living_thing->;unit;whole->;physical_object;object->;physical_entity->;entity->]
	implement[;put_through;go_through;follow_up;carry_out;follow_out;implement;follow_through->;complete;finish->;end;terminate->;change;alter;modify->]

Method = Path
	Score = 0.05555555555555555
	Match =eng-30-00001740-n;entity
	journey[;journey;journeying->;travel;travelling;traveling->;move;motion;movement->;change->;action->;deed;human_activity;act;human_action->;event->;psychological_feature->;abstraction;abstract_entity->;entity->]
	car[;railway_car;railroad_car;railcar;car->;wheeled_vehicle->;container->;instrumentality;instrumentation->;artifact;artefact->;unit;whole->;physical_object;object->;physical_entity->;entity->]
Method = LeacockChodorow
	Score = 0.5108256237659907
	Match =eng-30-00001740-n;entity
	journey[;journey;journeying->;travel;travelling;traveling->;move;motion;movement->;change->;action->;deed;human_activity;act;human_action->;event->;psychological_feature->;abstraction;abstract_entity->;entity->]
	car[;railway_car;railroad_car;railcar;car->;wheeled_vehicle->;container->;instrumentality;instrumentation->;artifact;artefact->;unit;whole->;physical_object;object->;physical_entity->;entity->]
Method = WuPalmer
	Score = 0.10526315789473684
	Match =eng-30-00001740-n;entity
	journey[;journey;journeying->;travel;travelling;traveling->;move;motion;movement->;change->;action->;deed;human_activity;act;human_action->;event->;psychological_feature->;abstraction;abstract_entity->;entity->]
	car[;railway_car;railroad_car;railcar;car->;wheeled_vehicle->;container->;instrumentality;instrumentation->;artifact;artefact->;unit;whole->;physical_object;object->;physical_entity->;entity->]
Method = Resnik
	Score = -0.0
	Match =eng-30-00001740-n;entity
	IcLcs = 1.0
	journey[;journey;journeying->;travel;travelling;traveling->;move;motion;movement->;change->;action->;deed;human_activity;act;human_action->;event->;psychological_feature->;abstraction;abstract_entity->;entity->]
	car[;car;motorcar;automobile;machine;auto->;motor_vehicle;automotive_vehicle->;self-propelled_vehicle->;wheeled_vehicle->;vehicle->;transport;conveyance->;instrumentality;instrumentation->;artifact;artefact->;unit;whole->;physical_object;object->;physical_entity->;entity->]
Method = Lin
	Score = -0.0
	Match =eng-30-00001740-n;entity
Ic1 = 8.875388090748409
Ic2 = 0.0
IcLcs = 0.0
	journey[;journey;journeying->;travel;travelling;traveling->;move;motion;movement->;change->;action->;deed;human_activity;act;human_action->;event->;psychological_feature->;abstraction;abstract_entity->;entity->]
	car[;car;motorcar;automobile;machine;auto->;motor_vehicle;automotive_vehicle->;self-propelled_vehicle->;wheeled_vehicle->;vehicle->;transport;conveyance->;instrumentality;instrumentation->;artifact;artefact->;unit;whole->;physical_object;object->;physical_entity->;entity->]
Method = JiangConrath
	Score = 0.07069949326074976
	Match =eng-30-00001740-n;entity
Ic1 = 8.875388090748409
Ic2 = 0.0
IcLcs = 0.0
	journey[;journey;journeying->;travel;travelling;traveling->;move;motion;movement->;change->;action->;deed;human_activity;act;human_action->;event->;psychological_feature->;abstraction;abstract_entity->;entity->]
	car[;car;motorcar;automobile;machine;auto->;motor_vehicle;automotive_vehicle->;self-propelled_vehicle->;wheeled_vehicle->;vehicle->;transport;conveyance->;instrumentality;instrumentation->;artifact;artefact->;unit;whole->;physical_object;object->;physical_entity->;entity->]

Method = Path
	Score = 0.125
	Match =eng-30-00007846-n;mortal;someone;person;somebody;soul;individual
	Monk[;Monk;monastic->;religious->;religious_person->;mortal;someone;person;somebody;soul;individual->;organism;being->;animate_thing;living_thing->;unit;whole->;physical_object;object->;physical_entity->;entity->]
	oracle[;prophesier;seer;prophet;oracle;vaticinator->;diviner->;visionary;seer;illusionist->;intellectual;intellect->;mortal;someone;person;somebody;soul;individual->;organism;being->;animate_thing;living_thing->;unit;whole->;physical_object;object->;physical_entity->;entity->]
Method = LeacockChodorow
	Score = 1.3217558399823195
	Match =eng-30-00007846-n;mortal;someone;person;somebody;soul;individual
	Monk[;Monk;monastic->;religious->;religious_person->;mortal;someone;person;somebody;soul;individual->;organism;being->;animate_thing;living_thing->;unit;whole->;physical_object;object->;physical_entity->;entity->]
	oracle[;prophesier;seer;prophet;oracle;vaticinator->;diviner->;visionary;seer;illusionist->;intellectual;intellect->;mortal;someone;person;somebody;soul;individual->;organism;being->;animate_thing;living_thing->;unit;whole->;physical_object;object->;physical_entity->;entity->]
Method = WuPalmer
	Score = 0.6666666666666666
	Match =eng-30-00007846-n;mortal;someone;person;somebody;soul;individual
	Monk[;Monk;monastic->;religious->;religious_person->;mortal;someone;person;somebody;soul;individual->;organism;being->;animate_thing;living_thing->;unit;whole->;physical_object;object->;physical_entity->;entity->]
	oracle[;prophesier;seer;prophet;oracle;vaticinator->;diviner->;visionary;seer;illusionist->;intellectual;intellect->;mortal;someone;person;somebody;soul;individual->;organism;being->;animate_thing;living_thing->;unit;whole->;physical_object;object->;physical_entity->;entity->]
Method = Resnik
	Score = 1.9033026456664381
	Match =eng-30-00007846-n;mortal;someone;person;somebody;soul;individual
	IcLcs = 0.14907546188076137
	Monk[;Monk;monastic->;religious->;religious_person->;mortal;someone;person;somebody;soul;individual->;organism;being->;animate_thing;living_thing->;unit;whole->;physical_object;object->;physical_entity->;entity->]
	oracle[;prophesier;seer;prophet;oracle;vaticinator->;diviner->;visionary;seer;illusionist->;intellectual;intellect->;mortal;someone;person;somebody;soul;individual->;organism;being->;animate_thing;living_thing->;unit;whole->;physical_object;object->;physical_entity->;entity->]
Method = Lin
	Score = 0.182803604943447
	Match =eng-30-00007846-n;mortal;someone;person;somebody;soul;individual
Ic1 = 0.0
Ic2 = 10.667147559976465
IcLcs = 1.9033026456664381
	Monk[;Monk;monastic->;religious->;religious_person->;mortal;someone;person;somebody;soul;individual->;organism;being->;animate_thing;living_thing->;unit;whole->;physical_object;object->;physical_entity->;entity->]
	oracle[;prophesier;seer;prophet;oracle;vaticinator->;diviner->;visionary;seer;illusionist->;intellectual;intellect->;mortal;someone;person;somebody;soul;individual->;organism;being->;animate_thing;living_thing->;unit;whole->;physical_object;object->;physical_entity->;entity->]
Method = JiangConrath
	Score = 0.05876523359190643
	Match =eng-30-00007846-n;mortal;someone;person;somebody;soul;individual
Ic1 = 0.0
Ic2 = 10.667147559976465
IcLcs = 1.9033026456664381
	Monk[;Monk;monastic->;religious->;religious_person->;mortal;someone;person;somebody;soul;individual->;organism;being->;animate_thing;living_thing->;unit;whole->;physical_object;object->;physical_entity->;entity->]
	oracle[;prophesier;seer;prophet;oracle;vaticinator->;diviner->;visionary;seer;illusionist->;intellectual;intellect->;mortal;someone;person;somebody;soul;individual->;organism;being->;animate_thing;living_thing->;unit;whole->;physical_object;object->;physical_entity->;entity->]

Method = Path
	Score = 0.1111111111111111
	Match =eng-30-00002684-n;physical_object;object
	cemetery[;necropolis;cemetery;graveyard;memorial_park;burying_ground;burial_ground;burial_site->;land_site;site->;parcel;parcel_of_land;piece_of_land;piece_of_ground;tract->;geographic_region;geographic_area;geographical_area;geographical_region->;region->;location->;physical_object;object->;physical_entity->;entity->]
	woodland[;timberland;forest;timber;woodland->;solid_ground;terra_firma;ground;land;earth;dry_land->;physical_object;object->;physical_entity->;entity->]
Method = LeacockChodorow
	Score = 1.2039728043259361
	Match =eng-30-00002684-n;physical_object;object
	cemetery[;necropolis;cemetery;graveyard;memorial_park;burying_ground;burial_ground;burial_site->;land_site;site->;parcel;parcel_of_land;piece_of_land;piece_of_ground;tract->;geographic_region;geographic_area;geographical_area;geographical_region->;region->;location->;physical_object;object->;physical_entity->;entity->]
	woodland[;timberland;forest;timber;woodland->;solid_ground;terra_firma;ground;land;earth;dry_land->;physical_object;object->;physical_entity->;entity->]
Method = WuPalmer
	Score = 0.42857142857142855
	Match =eng-30-00002684-n;physical_object;object
	cemetery[;necropolis;cemetery;graveyard;memorial_park;burying_ground;burial_ground;burial_site->;land_site;site->;parcel;parcel_of_land;piece_of_land;piece_of_ground;tract->;geographic_region;geographic_area;geographical_area;geographical_region->;region->;location->;physical_object;object->;physical_entity->;entity->]
	woodland[;timberland;forest;timber;woodland->;solid_ground;terra_firma;ground;land;earth;dry_land->;physical_object;object->;physical_entity->;entity->]
Method = Resnik
	Score = 1.1692001183611416
	Match =eng-30-00002684-n;physical_object;object
	IcLcs = 1.0
	cemetery[;necropolis;cemetery;graveyard;memorial_park;burying_ground;burial_ground;burial_site->;land_site;site->;parcel;parcel_of_land;piece_of_land;piece_of_ground;tract->;geographic_region;geographic_area;geographical_area;geographical_region->;region->;location->;physical_object;object->;physical_entity->;entity->]
	woodland[;timberland;forest;timber;woodland->;solid_ground;terra_firma;ground;land;earth;dry_land->;physical_object;object->;physical_entity->;entity->]
Method = Lin
	Score = 0.11192554499178616
	Match =eng-30-00002684-n;physical_object;object
Ic1 = 9.81984969958926
Ic2 = 11.072612668084629
IcLcs = -0.0
	cemetery[;necropolis;cemetery;graveyard;memorial_park;burying_ground;burial_ground;burial_site->;land_site;site->;parcel;parcel_of_land;piece_of_land;piece_of_ground;tract->;geographic_region;geographic_area;geographical_area;geographical_region->;region->;location->;physical_object;object->;physical_entity->;entity->]
	woodland[;timberland;forest;timber;woodland->;solid_ground;terra_firma;ground;land;earth;dry_land->;physical_object;object->;physical_entity->;entity->]
Method = JiangConrath
	Score = 0.05389655337694569
	Match =eng-30-00002684-n;physical_object;object
Ic1 = 9.81984969958926
Ic2 = 11.072612668084629
IcLcs = -0.0
	cemetery[;necropolis;cemetery;graveyard;memorial_park;burying_ground;burial_ground;burial_site->;land_site;site->;parcel;parcel_of_land;piece_of_land;piece_of_ground;tract->;geographic_region;geographic_area;geographical_area;geographical_region->;region->;location->;physical_object;object->;physical_entity->;entity->]
	woodland[;timberland;forest;timber;woodland->;solid_ground;terra_firma;ground;land;earth;dry_land->;physical_object;object->;physical_entity->;entity->]

Method = Path
	Score = 0.0625
	Match =eng-30-00001930-n;physical_entity
	food[;food;nutrient->;substance->;matter->;physical_entity->;entity->]
	rooster[;cock;rooster->;chicken;Gallus_gallus->;domestic_fowl;poultry;fowl->;gallinaceous_bird;gallinacean->;bird->;craniate;vertebrate->;chordate->;fauna;animal;brute;animate_being;creature;beast->;organism;being->;animate_thing;living_thing->;unit;whole->;physical_object;object->;physical_entity->;entity->]
Method = LeacockChodorow
	Score = 0.6286086594223742
	Match =eng-30-00001930-n;physical_entity
	food[;food;nutrient->;substance->;matter->;physical_entity->;entity->]
	rooster[;cock;rooster->;chicken;Gallus_gallus->;domestic_fowl;poultry;fowl->;gallinaceous_bird;gallinacean->;bird->;craniate;vertebrate->;chordate->;fauna;animal;brute;animate_being;creature;beast->;organism;being->;animate_thing;living_thing->;unit;whole->;physical_object;object->;physical_entity->;entity->]
Method = WuPalmer
	Score = 0.21052631578947367
	Match =eng-30-00001930-n;physical_entity
	food[;food;nutrient->;substance->;matter->;physical_entity->;entity->]
	rooster[;cock;rooster->;chicken;Gallus_gallus->;domestic_fowl;poultry;fowl->;gallinaceous_bird;gallinacean->;bird->;craniate;vertebrate->;chordate->;fauna;animal;brute;animate_being;creature;beast->;organism;being->;animate_thing;living_thing->;unit;whole->;physical_object;object->;physical_entity->;entity->]
Method = Resnik
	Score = 0.6143639493869085
	Match =eng-30-00001930-n;physical_entity
	IcLcs = 0.5409848796663741
	food[;food;nutrient->;substance->;matter->;physical_entity->;entity->]
	rooster[;cock;rooster->;chicken;Gallus_gallus->;domestic_fowl;poultry;fowl->;gallinaceous_bird;gallinacean->;bird->;craniate;vertebrate->;chordate->;fauna;animal;brute;animate_being;creature;beast->;organism;being->;animate_thing;living_thing->;unit;whole->;physical_object;object->;physical_entity->;entity->]
Method = Lin
	Score = 0.07617519698342598
	Match =eng-30-00001930-n;physical_entity
Ic1 = 6.578374042803819
Ic2 = 10.667147559976465
IcLcs = 0.6143639493869085
	food[;food;nutrient->;substance->;matter->;physical_entity->;entity->]
	rooster[;cock;rooster->;chicken;Gallus_gallus->;domestic_fowl;poultry;fowl->;gallinaceous_bird;gallinacean->;bird->;craniate;vertebrate->;chordate->;fauna;animal;brute;animate_being;creature;beast->;organism;being->;animate_thing;living_thing->;unit;whole->;physical_object;object->;physical_entity->;entity->]
Method = JiangConrath
	Score = 0.06710706557957427
	Match =eng-30-00001930-n;physical_entity
Ic1 = 6.578374042803819
Ic2 = 10.667147559976465
IcLcs = 0.6143639493869085
	food[;food;nutrient->;substance->;matter->;physical_entity->;entity->]
	rooster[;cock;rooster->;chicken;Gallus_gallus->;domestic_fowl;poultry;fowl->;gallinaceous_bird;gallinacean->;bird->;craniate;vertebrate->;chordate->;fauna;animal;brute;animate_being;creature;beast->;organism;being->;animate_thing;living_thing->;unit;whole->;physical_object;object->;physical_entity->;entity->]

Method = Path
	Score = 0.2
	Match =eng-30-09287968-n;formation;geological_formation
	coast[;seacoast;sea-coast;seashore;coast->;shore->;formation;geological_formation->;physical_object;object->;physical_entity->;entity->]
	Hill[;Hill->;elevation;natural_elevation->;formation;geological_formation->;physical_object;object->;physical_entity->;entity->]
Method = LeacockChodorow
	Score = 1.791759469228055
	Match =eng-30-09287968-n;formation;geological_formation
	coast[;seacoast;sea-coast;seashore;coast->;shore->;formation;geological_formation->;physical_object;object->;physical_entity->;entity->]
	Hill[;Hill->;elevation;natural_elevation->;formation;geological_formation->;physical_object;object->;physical_entity->;entity->]
Method = WuPalmer
	Score = 0.6666666666666666
	Match =eng-30-09287968-n;formation;geological_formation
	coast[;seacoast;sea-coast;seashore;coast->;shore->;formation;geological_formation->;physical_object;object->;physical_entity->;entity->]
	Hill[;Hill->;elevation;natural_elevation->;formation;geological_formation->;physical_object;object->;physical_entity->;entity->]
Method = Resnik
	Score = 6.138138734953937
	Match =eng-30-09287968-n;formation;geological_formation
	IcLcs = 0.5409848796663741
	coast[;seacoast;sea-coast;seashore;coast->;shore->;formation;geological_formation->;physical_object;object->;physical_entity->;entity->]
	Hill[;Hill->;elevation;natural_elevation->;formation;geological_formation->;physical_object;object->;physical_entity->;entity->]
Method = Lin
	Score = 0.7285879249527557
	Match =eng-30-09287968-n;formation;geological_formation
Ic1 = 0.0
Ic2 = 0.0
IcLcs = 0.6143639493869085
	coast[;seacoast;sea-coast;seashore;coast->;shore->;formation;geological_formation->;physical_object;object->;physical_entity->;entity->]
	Hill[;Hill->;elevation;natural_elevation->;formation;geological_formation->;physical_object;object->;physical_entity->;entity->]
Method = JiangConrath
	Score = 0.21866844070659408
	Match =eng-30-09287968-n;formation;geological_formation
Ic1 = 0.0
Ic2 = 0.0
IcLcs = 0.6143639493869085
	coast[;seacoast;sea-coast;seashore;coast->;shore->;formation;geological_formation->;physical_object;object->;physical_entity->;entity->]
	Hill[;Hill->;elevation;natural_elevation->;formation;geological_formation->;physical_object;object->;physical_entity->;entity->]

Method = Path
	Score = 0.1111111111111111
	Match =eng-30-00002684-n;physical_object;object
	forest[;timberland;forest;timber;woodland->;solid_ground;terra_firma;ground;land;earth;dry_land->;physical_object;object->;physical_entity->;entity->]
	graveyard[;necropolis;cemetery;graveyard;memorial_park;burying_ground;burial_ground;burial_site->;land_site;site->;parcel;parcel_of_land;piece_of_land;piece_of_ground;tract->;geographic_region;geographic_area;geographical_area;geographical_region->;region->;location->;physical_object;object->;physical_entity->;entity->]
Method = LeacockChodorow
	Score = 1.2039728043259361
	Match =eng-30-00002684-n;physical_object;object
	forest[;timberland;forest;timber;woodland->;solid_ground;terra_firma;ground;land;earth;dry_land->;physical_object;object->;physical_entity->;entity->]
	graveyard[;necropolis;cemetery;graveyard;memorial_park;burying_ground;burial_ground;burial_site->;land_site;site->;parcel;parcel_of_land;piece_of_land;piece_of_ground;tract->;geographic_region;geographic_area;geographical_area;geographical_region->;region->;location->;physical_object;object->;physical_entity->;entity->]
Method = WuPalmer
	Score = 0.42857142857142855
	Match =eng-30-00002684-n;physical_object;object
	forest[;timberland;forest;timber;woodland->;solid_ground;terra_firma;ground;land;earth;dry_land->;physical_object;object->;physical_entity->;entity->]
	graveyard[;necropolis;cemetery;graveyard;memorial_park;burying_ground;burial_ground;burial_site->;land_site;site->;parcel;parcel_of_land;piece_of_land;piece_of_ground;tract->;geographic_region;geographic_area;geographical_area;geographical_region->;region->;location->;physical_object;object->;physical_entity->;entity->]
Method = Resnik
	Score = 1.1692001183611416
	Match =eng-30-00002684-n;physical_object;object
	IcLcs = 1.0
	forest[;timberland;forest;timber;woodland->;solid_ground;terra_firma;ground;land;earth;dry_land->;physical_object;object->;physical_entity->;entity->]
	graveyard[;necropolis;cemetery;graveyard;memorial_park;burying_ground;burial_ground;burial_site->;land_site;site->;parcel;parcel_of_land;piece_of_land;piece_of_ground;tract->;geographic_region;geographic_area;geographical_area;geographical_region->;region->;location->;physical_object;object->;physical_entity->;entity->]
Method = Lin
	Score = 0.11192554499178616
	Match =eng-30-00002684-n;physical_object;object
Ic1 = 11.072612668084629
Ic2 = 9.81984969958926
IcLcs = -0.0
	forest[;timberland;forest;timber;woodland->;solid_ground;terra_firma;ground;land;earth;dry_land->;physical_object;object->;physical_entity->;entity->]
	graveyard[;necropolis;cemetery;graveyard;memorial_park;burying_ground;burial_ground;burial_site->;land_site;site->;parcel;parcel_of_land;piece_of_land;piece_of_ground;tract->;geographic_region;geographic_area;geographical_area;geographical_region->;region->;location->;physical_object;object->;physical_entity->;entity->]
Method = JiangConrath
	Score = 0.05871393240842899
	Match =eng-30-00001740-n;entity
Ic1 = 11.072612668084629
Ic2 = 9.81984969958926
IcLcs = -0.0
	forest[;wood;woods;forest->;botany;vegetation;flora->;accumulation;aggregation;assemblage;collection->;group;grouping->;abstraction;abstract_entity->;entity->]
	graveyard[;necropolis;cemetery;graveyard;memorial_park;burying_ground;burial_ground;burial_site->;land_site;site->;parcel;parcel_of_land;piece_of_land;piece_of_ground;tract->;geographic_region;geographic_area;geographical_area;geographical_region->;region->;location->;physical_object;object->;physical_entity->;entity->]

Method = Path
	Score = 0.2
	Match =eng-30-00002684-n;physical_object;object
	shore[;shore->;formation;geological_formation->;physical_object;object->;physical_entity->;entity->]
	woodland[;timberland;forest;timber;woodland->;solid_ground;terra_firma;ground;land;earth;dry_land->;physical_object;object->;physical_entity->;entity->]
Method = LeacockChodorow
	Score = 1.791759469228055
	Match =eng-30-00002684-n;physical_object;object
	shore[;shore->;formation;geological_formation->;physical_object;object->;physical_entity->;entity->]
	woodland[;timberland;forest;timber;woodland->;solid_ground;terra_firma;ground;land;earth;dry_land->;physical_object;object->;physical_entity->;entity->]
Method = WuPalmer
	Score = 0.6
	Match =eng-30-00002684-n;physical_object;object
	shore[;shore->;formation;geological_formation->;physical_object;object->;physical_entity->;entity->]
	woodland[;timberland;forest;timber;woodland->;solid_ground;terra_firma;ground;land;earth;dry_land->;physical_object;object->;physical_entity->;entity->]
Method = Resnik
	Score = 1.1692001183611416
	Match =eng-30-00002684-n;physical_object;object
	IcLcs = 1.0
	shore[;shore;shoring->;beam->;structural_member->;support->;device->;instrumentality;instrumentation->;artifact;artefact->;unit;whole->;physical_object;object->;physical_entity->;entity->]
	woodland[;timberland;forest;timber;woodland->;solid_ground;terra_firma;ground;land;earth;dry_land->;physical_object;object->;physical_entity->;entity->]
Method = Lin
	Score = 0.12195167151858151
	Match =eng-30-00002684-n;physical_object;object
Ic1 = 8.102198202514929
Ic2 = 11.072612668084629
IcLcs = -0.0
	shore[;shore->;formation;geological_formation->;physical_object;object->;physical_entity->;entity->]
	woodland[;timberland;forest;timber;woodland->;solid_ground;terra_firma;ground;land;earth;dry_land->;physical_object;object->;physical_entity->;entity->]
Method = JiangConrath
	Score = 0.05939508258297386
	Match =eng-30-00002684-n;physical_object;object
Ic1 = 8.102198202514929
Ic2 = 11.072612668084629
IcLcs = -0.0
	shore[;shore->;formation;geological_formation->;physical_object;object->;physical_entity->;entity->]
	woodland[;timberland;forest;timber;woodland->;solid_ground;terra_firma;ground;land;earth;dry_land->;physical_object;object->;physical_entity->;entity->]

Method = Path
	Score = 0.2
	Match =eng-30-00007846-n;mortal;someone;person;somebody;soul;individual
	Monk[;Monk;monastic->;religious->;religious_person->;mortal;someone;person;somebody;soul;individual->;organism;being->;animate_thing;living_thing->;unit;whole->;physical_object;object->;physical_entity->;entity->]
	slave[;slave->;mortal;someone;person;somebody;soul;individual->;organism;being->;animate_thing;living_thing->;unit;whole->;physical_object;object->;physical_entity->;entity->]
Method = LeacockChodorow
	Score = 1.791759469228055
	Match =eng-30-00007846-n;mortal;someone;person;somebody;soul;individual
	Monk[;Monk;monastic->;religious->;religious_person->;mortal;someone;person;somebody;soul;individual->;organism;being->;animate_thing;living_thing->;unit;whole->;physical_object;object->;physical_entity->;entity->]
	slave[;slave->;mortal;someone;person;somebody;soul;individual->;organism;being->;animate_thing;living_thing->;unit;whole->;physical_object;object->;physical_entity->;entity->]
Method = WuPalmer
	Score = 0.7777777777777778
	Match =eng-30-00007846-n;mortal;someone;person;somebody;soul;individual
	Monk[;Monk;monastic->;religious->;religious_person->;mortal;someone;person;somebody;soul;individual->;organism;being->;animate_thing;living_thing->;unit;whole->;physical_object;object->;physical_entity->;entity->]
	slave[;slave->;mortal;someone;person;somebody;soul;individual->;organism;being->;animate_thing;living_thing->;unit;whole->;physical_object;object->;physical_entity->;entity->]
Method = Resnik
	Score = 1.9033026456664381
	Match =eng-30-00007846-n;mortal;someone;person;somebody;soul;individual
	IcLcs = 0.14907546188076137
	Monk[;Monk;monastic->;religious->;religious_person->;mortal;someone;person;somebody;soul;individual->;organism;being->;animate_thing;living_thing->;unit;whole->;physical_object;object->;physical_entity->;entity->]
	slave[;slave->;mortal;someone;person;somebody;soul;individual->;organism;being->;animate_thing;living_thing->;unit;whole->;physical_object;object->;physical_entity->;entity->]
Method = Lin
	Score = 0.20112728495581914
	Match =eng-30-00007846-n;mortal;someone;person;somebody;soul;individual
Ic1 = 0.0
Ic2 = 11.765759848644574
IcLcs = 0.0
	Monk[;Monk;monastic->;religious->;religious_person->;mortal;someone;person;somebody;soul;individual->;organism;being->;animate_thing;living_thing->;unit;whole->;physical_object;object->;physical_entity->;entity->]
	slave[;slave->;mortal;someone;person;somebody;soul;individual->;organism;being->;animate_thing;living_thing->;unit;whole->;physical_object;object->;physical_entity->;entity->]
Method = JiangConrath
	Score = 0.06613868498379295
	Match =eng-30-00007846-n;mortal;someone;person;somebody;soul;individual
Ic1 = 0.0
Ic2 = 11.765759848644574
IcLcs = 0.0
	Monk[;Monk;monastic->;religious->;religious_person->;mortal;someone;person;somebody;soul;individual->;organism;being->;animate_thing;living_thing->;unit;whole->;physical_object;object->;physical_entity->;entity->]
	slave[;slave->;mortal;someone;person;somebody;soul;individual->;organism;being->;animate_thing;living_thing->;unit;whole->;physical_object;object->;physical_entity->;entity->]

Method = Path
	Score = 0.16666666666666666
	Match =eng-30-00002684-n;physical_object;object
	coast[;seacoast;sea-coast;seashore;coast->;shore->;formation;geological_formation->;physical_object;object->;physical_entity->;entity->]
	forest[;timberland;forest;timber;woodland->;solid_ground;terra_firma;ground;land;earth;dry_land->;physical_object;object->;physical_entity->;entity->]
Method = LeacockChodorow
	Score = 1.6094379124341003
	Match =eng-30-00002684-n;physical_object;object
	coast[;seacoast;sea-coast;seashore;coast->;shore->;formation;geological_formation->;physical_object;object->;physical_entity->;entity->]
	forest[;timberland;forest;timber;woodland->;solid_ground;terra_firma;ground;land;earth;dry_land->;physical_object;object->;physical_entity->;entity->]
Method = WuPalmer
	Score = 0.5454545454545454
	Match =eng-30-00002684-n;physical_object;object
	coast[;seacoast;sea-coast;seashore;coast->;shore->;formation;geological_formation->;physical_object;object->;physical_entity->;entity->]
	forest[;timberland;forest;timber;woodland->;solid_ground;terra_firma;ground;land;earth;dry_land->;physical_object;object->;physical_entity->;entity->]
Method = Resnik
	Score = 1.1692001183611416
	Match =eng-30-00002684-n;physical_object;object
	IcLcs = 1.0
	coast[;seacoast;sea-coast;seashore;coast->;shore->;formation;geological_formation->;physical_object;object->;physical_entity->;entity->]
	forest[;timberland;forest;timber;woodland->;solid_ground;terra_firma;ground;land;earth;dry_land->;physical_object;object->;physical_entity->;entity->]
Method = Lin
	Score = 0.11813771587582612
	Match =eng-30-00002684-n;physical_object;object
Ic1 = 0.0
Ic2 = 11.072612668084629
IcLcs = -0.0
	coast[;seacoast;sea-coast;seashore;coast->;shore->;formation;geological_formation->;physical_object;object->;physical_entity->;entity->]
	forest[;timberland;forest;timber;woodland->;solid_ground;terra_firma;ground;land;earth;dry_land->;physical_object;object->;physical_entity->;entity->]
Method = JiangConrath
	Score = 0.0627623451593688
	Match =eng-30-00001740-n;entity
Ic1 = 0.0
Ic2 = 11.072612668084629
IcLcs = -0.0
	coast[;seacoast;sea-coast;seashore;coast->;shore->;formation;geological_formation->;physical_object;object->;physical_entity->;entity->]
	forest[;wood;woods;forest->;botany;vegetation;flora->;accumulation;aggregation;assemblage;collection->;group;grouping->;abstraction;abstract_entity->;entity->]

Method = Path
	Score = 0.2
	Match =eng-30-00007846-n;mortal;someone;person;somebody;soul;individual
	lad[;chap;cuss;blighter;fellow;feller;lad;bloke;gent;fella->;male_person;male->;mortal;someone;person;somebody;soul;individual->;organism;being->;animate_thing;living_thing->;unit;whole->;physical_object;object->;physical_entity->;entity->]
	wizard[;necromancer;magician;thaumaturge;thaumaturgist;sorcerer;wizard->;occultist->;mortal;someone;person;somebody;soul;individual->;organism;being->;animate_thing;living_thing->;unit;whole->;physical_object;object->;physical_entity->;entity->]
Method = LeacockChodorow
	Score = 1.791759469228055
	Match =eng-30-00007846-n;mortal;someone;person;somebody;soul;individual
	lad[;chap;cuss;blighter;fellow;feller;lad;bloke;gent;fella->;male_person;male->;mortal;someone;person;somebody;soul;individual->;organism;being->;animate_thing;living_thing->;unit;whole->;physical_object;object->;physical_entity->;entity->]
	wizard[;necromancer;magician;thaumaturge;thaumaturgist;sorcerer;wizard->;occultist->;mortal;someone;person;somebody;soul;individual->;organism;being->;animate_thing;living_thing->;unit;whole->;physical_object;object->;physical_entity->;entity->]
Method = WuPalmer
	Score = 0.7777777777777778
	Match =eng-30-00007846-n;mortal;someone;person;somebody;soul;individual
	lad[;chap;cuss;blighter;fellow;feller;lad;bloke;gent;fella->;male_person;male->;mortal;someone;person;somebody;soul;individual->;organism;being->;animate_thing;living_thing->;unit;whole->;physical_object;object->;physical_entity->;entity->]
	wizard[;necromancer;magician;thaumaturge;thaumaturgist;sorcerer;wizard->;occultist->;mortal;someone;person;somebody;soul;individual->;organism;being->;animate_thing;living_thing->;unit;whole->;physical_object;object->;physical_entity->;entity->]
Method = Resnik
	Score = 1.9033026456664381
	Match =eng-30-00007846-n;mortal;someone;person;somebody;soul;individual
	IcLcs = 0.14907546188076137
	lad[;laddie;sonny;cub;lad;sonny_boy->;boy;male_child->;male_person;male->;mortal;someone;person;somebody;soul;individual->;organism;being->;animate_thing;living_thing->;unit;whole->;physical_object;object->;physical_entity->;entity->]
	wizard[;necromancer;magician;thaumaturge;thaumaturgist;sorcerer;wizard->;occultist->;mortal;someone;person;somebody;soul;individual->;organism;being->;animate_thing;living_thing->;unit;whole->;physical_object;object->;physical_entity->;entity->]
Method = Lin
	Score = 0.22410026998736687
	Match =eng-30-00007846-n;mortal;someone;person;somebody;soul;individual
Ic1 = 7.705316838098155
Ic2 = 9.280853198856574
IcLcs = 1.9033026456664381
	lad[;chap;cuss;blighter;fellow;feller;lad;bloke;gent;fella->;male_person;male->;mortal;someone;person;somebody;soul;individual->;organism;being->;animate_thing;living_thing->;unit;whole->;physical_object;object->;physical_entity->;entity->]
	wizard[;virtuoso;whiz;ACE;star;hotshot;wiz;champion;superstar;genius;adept;maven;mavin;whizz;sensation;wizard->;expert->;mortal;someone;person;somebody;soul;individual->;organism;being->;animate_thing;living_thing->;unit;whole->;physical_object;object->;physical_entity->;entity->]
Method = JiangConrath
	Score = 0.07587503982877675
	Match =eng-30-00007846-n;mortal;someone;person;somebody;soul;individual
Ic1 = 7.705316838098155
Ic2 = 9.280853198856574
IcLcs = 1.9033026456664381
	lad[;chap;cuss;blighter;fellow;feller;lad;bloke;gent;fella->;male_person;male->;mortal;someone;person;somebody;soul;individual->;organism;being->;animate_thing;living_thing->;unit;whole->;physical_object;object->;physical_entity->;entity->]
	wizard[;virtuoso;whiz;ACE;star;hotshot;wiz;champion;superstar;genius;adept;maven;mavin;whizz;sensation;wizard->;expert->;mortal;someone;person;somebody;soul;individual->;organism;being->;animate_thing;living_thing->;unit;whole->;physical_object;object->;physical_entity->;entity->]

Method = Path
	Score = 0.09090909090909091
	Match =eng-30-00033020-n;communication
	chord[;chord->;musical_note;note;tone->;musical_notation->;notation;notational_system->;writing->;written_language;written_communication;black_and_white->;communication->;abstraction;abstract_entity->;entity->]
	smile[;smile;grinning;smiling;grin->;facial_gesture;facial_expression->;gesture;motion->;visual_communication->;communication->;abstraction;abstract_entity->;entity->]
Method = LeacockChodorow
	Score = 1.0033021088637848
	Match =eng-30-00033020-n;communication
	chord[;chord->;musical_note;note;tone->;musical_notation->;notation;notational_system->;writing->;written_language;written_communication;black_and_white->;communication->;abstraction;abstract_entity->;entity->]
	smile[;smile;grinning;smiling;grin->;facial_gesture;facial_expression->;gesture;motion->;visual_communication->;communication->;abstraction;abstract_entity->;entity->]
Method = WuPalmer
	Score = 0.375
	Match =eng-30-00033020-n;communication
	chord[;chord->;musical_note;note;tone->;musical_notation->;notation;notational_system->;writing->;written_language;written_communication;black_and_white->;communication->;abstraction;abstract_entity->;entity->]
	smile[;smile;grinning;smiling;grin->;facial_gesture;facial_expression->;gesture;motion->;visual_communication->;communication->;abstraction;abstract_entity->;entity->]
Method = Resnik
	Score = 3.071760281122492
	Match =eng-30-00033020-n;communication
	IcLcs = 0.45867341787880433
	chord[;chord->;musical_note;note;tone->;musical_notation->;notation;notational_system->;writing->;written_language;written_communication;black_and_white->;communication->;abstraction;abstract_entity->;entity->]
	smile[;smile;grinning;smiling;grin->;facial_gesture;facial_expression->;gesture;motion->;visual_communication->;communication->;abstraction;abstract_entity->;entity->]
Method = Lin
	Score = 0.32686435527704977
	Match =eng-30-00033020-n;communication
Ic1 = 0.0
Ic2 = 0.0
IcLcs = 0.0
	chord[;chord->;musical_note;note;tone->;musical_notation->;notation;notational_system->;writing->;written_language;written_communication;black_and_white->;communication->;abstraction;abstract_entity->;entity->]
	smile[;smile;grinning;smiling;grin->;facial_gesture;facial_expression->;gesture;motion->;visual_communication->;communication->;abstraction;abstract_entity->;entity->]
Method = JiangConrath
	Score = 0.07904013229162012
	Match =eng-30-00033020-n;communication
Ic1 = 0.0
Ic2 = 0.0
IcLcs = 0.0
	chord[;chord->;musical_note;note;tone->;musical_notation->;notation;notational_system->;writing->;written_language;written_communication;black_and_white->;communication->;abstraction;abstract_entity->;entity->]
	smile[;smile;grinning;smiling;grin->;facial_gesture;facial_expression->;gesture;motion->;visual_communication->;communication->;abstraction;abstract_entity->;entity->]

Method = Path
	Score = 0.125
	Match =eng-30-00007347-n;causal_agent;causal_agency;cause
	glass[;glass;meth;shabu;deoxyephedrine;chicken_feed;methamphetamine;ice;methamphetamine_hydrochloride;crank;Methedrine;chalk;trash->;controlled_substance->;drug->;agent->;causal_agent;causal_agency;cause->;physical_entity->;entity->]
	magician[;necromancer;magician;thaumaturge;thaumaturgist;sorcerer;wizard->;occultist->;mortal;someone;person;somebody;soul;individual->;causal_agent;causal_agency;cause->;physical_entity->;entity->]
Method = LeacockChodorow
	Score = 1.3217558399823195
	Match =eng-30-00007347-n;causal_agent;causal_agency;cause
	glass[;glass;meth;shabu;deoxyephedrine;chicken_feed;methamphetamine;ice;methamphetamine_hydrochloride;crank;Methedrine;chalk;trash->;controlled_substance->;drug->;agent->;causal_agent;causal_agency;cause->;physical_entity->;entity->]
	magician[;necromancer;magician;thaumaturge;thaumaturgist;sorcerer;wizard->;occultist->;mortal;someone;person;somebody;soul;individual->;causal_agent;causal_agency;cause->;physical_entity->;entity->]
Method = WuPalmer
	Score = 0.47058823529411764
	Match =eng-30-00003553-n;unit;whole
	glass[;glass;drinking_glass->;container->;instrumentality;instrumentation->;artifact;artefact->;unit;whole->;physical_object;object->;physical_entity->;entity->]
	magician[;necromancer;magician;thaumaturge;thaumaturgist;sorcerer;wizard->;occultist->;mortal;someone;person;somebody;soul;individual->;organism;being->;animate_thing;living_thing->;unit;whole->;physical_object;object->;physical_entity->;entity->]
Method = Resnik
	Score = 1.8746991911165738
	Match =eng-30-00007347-n;causal_agent;causal_agency;cause
	IcLcs = 0.5409848796663741
	glass[;glass;meth;shabu;deoxyephedrine;chicken_feed;methamphetamine;ice;methamphetamine_hydrochloride;crank;Methedrine;chalk;trash->;speed;upper;amphetamine;pep_pill->;excitant;stimulant_drug;stimulant->;drug->;agent->;causal_agent;causal_agency;cause->;physical_entity->;entity->]
	magician[;necromancer;magician;thaumaturge;thaumaturgist;sorcerer;wizard->;occultist->;mortal;someone;person;somebody;soul;individual->;causal_agent;causal_agency;cause->;physical_entity->;entity->]
Method = Lin
	Score = 0.1420513965283683
	Match =eng-30-00003553-n;unit;whole
Ic1 = 11.765759848644574
Ic2 = 10.156321936210475
IcLcs = 0.0
	glass[;glass;drinking_glass->;container->;instrumentality;instrumentation->;artifact;artefact->;unit;whole->;physical_object;object->;physical_entity->;entity->]
	magician[;prestidigitator;magician;conjuror;conjurer;illusionist->;performing_artist;performer->;entertainer->;mortal;someone;person;somebody;soul;individual->;organism;being->;animate_thing;living_thing->;unit;whole->;physical_object;object->;physical_entity->;entity->]
Method = JiangConrath
	Score = 0.06044544459671397
	Match =eng-30-00003553-n;unit;whole
Ic1 = 11.765759848644574
Ic2 = 10.156321936210475
IcLcs = 0.0
	glass[;glass;drinking_glass->;container->;instrumentality;instrumentation->;artifact;artefact->;unit;whole->;physical_object;object->;physical_entity->;entity->]
	magician[;prestidigitator;magician;conjuror;conjurer;illusionist->;performing_artist;performer->;entertainer->;mortal;someone;person;somebody;soul;individual->;organism;being->;animate_thing;living_thing->;unit;whole->;physical_object;object->;physical_entity->;entity->]

Method = Path
	Score = 0.041666666666666664
	Match =eng-30-00001740-n;entity
	rooster[;cock;rooster->;chicken;Gallus_gallus->;domestic_fowl;poultry;fowl->;gallinaceous_bird;gallinacean->;bird->;craniate;vertebrate->;chordate->;fauna;animal;brute;animate_being;creature;beast->;organism;being->;animate_thing;living_thing->;unit;whole->;physical_object;object->;physical_entity->;entity->]
	voyage[;voyage->;journey;journeying->;travel;travelling;traveling->;move;motion;movement->;change->;action->;deed;human_activity;act;human_action->;event->;psychological_feature->;abstraction;abstract_entity->;entity->]
Method = LeacockChodorow
	Score = 0.2231435513142097
	Match =eng-30-00001740-n;entity
	rooster[;cock;rooster->;chicken;Gallus_gallus->;domestic_fowl;poultry;fowl->;gallinaceous_bird;gallinacean->;bird->;craniate;vertebrate->;chordate->;fauna;animal;brute;animate_being;creature;beast->;organism;being->;animate_thing;living_thing->;unit;whole->;physical_object;object->;physical_entity->;entity->]
	voyage[;voyage->;journey;journeying->;travel;travelling;traveling->;move;motion;movement->;change->;action->;deed;human_activity;act;human_action->;event->;psychological_feature->;abstraction;abstract_entity->;entity->]
Method = WuPalmer
	Score = 0.08
	Match =eng-30-00001740-n;entity
	rooster[;cock;rooster->;chicken;Gallus_gallus->;domestic_fowl;poultry;fowl->;gallinaceous_bird;gallinacean->;bird->;craniate;vertebrate->;chordate->;fauna;animal;brute;animate_being;creature;beast->;organism;being->;animate_thing;living_thing->;unit;whole->;physical_object;object->;physical_entity->;entity->]
	voyage[;voyage->;journey;journeying->;travel;travelling;traveling->;move;motion;movement->;change->;action->;deed;human_activity;act;human_action->;event->;psychological_feature->;abstraction;abstract_entity->;entity->]
Method = Resnik
	Score = -0.0
	Match =eng-30-00001740-n;entity
	IcLcs = 1.0
	rooster[;cock;rooster->;chicken;Gallus_gallus->;domestic_fowl;poultry;fowl->;gallinaceous_bird;gallinacean->;bird->;craniate;vertebrate->;chordate->;fauna;animal;brute;animate_being;creature;beast->;organism;being->;animate_thing;living_thing->;unit;whole->;physical_object;object->;physical_entity->;entity->]
	voyage[;voyage->;journey;journeying->;travel;travelling;traveling->;move;motion;movement->;change->;action->;deed;human_activity;act;human_action->;event->;psychological_feature->;abstraction;abstract_entity->;entity->]
Method = Lin
	Score = -0.0
	Match =eng-30-00001740-n;entity
Ic1 = 10.667147559976465
Ic2 = 11.072612668084629
IcLcs = 0.0
	rooster[;cock;rooster->;chicken;Gallus_gallus->;domestic_fowl;poultry;fowl->;gallinaceous_bird;gallinacean->;bird->;craniate;vertebrate->;chordate->;fauna;animal;brute;animate_being;creature;beast->;organism;being->;animate_thing;living_thing->;unit;whole->;physical_object;object->;physical_entity->;entity->]
	voyage[;voyage->;journey;journeying->;travel;travelling;traveling->;move;motion;movement->;change->;action->;deed;human_activity;act;human_action->;event->;psychological_feature->;abstraction;abstract_entity->;entity->]
Method = JiangConrath
	Score = 0.05013033697410487
	Match =eng-30-00001740-n;entity
Ic1 = 10.667147559976465
Ic2 = 11.072612668084629
IcLcs = 0.0
	rooster[;cock;rooster->;chicken;Gallus_gallus->;domestic_fowl;poultry;fowl->;gallinaceous_bird;gallinacean->;bird->;craniate;vertebrate->;chordate->;fauna;animal;brute;animate_being;creature;beast->;organism;being->;animate_thing;living_thing->;unit;whole->;physical_object;object->;physical_entity->;entity->]
	voyage[;voyage;ocean_trip->;seafaring;water_travel->;travel;travelling;traveling->;move;motion;movement->;change->;action->;deed;human_activity;act;human_action->;event->;psychological_feature->;abstraction;abstract_entity->;entity->]

Method = Path
	Score = 0.08333333333333333
	Match =eng-30-00002137-n;abstraction;abstract_entity
	noon[;noon;midday;twelve_noon;noontide;high_noon;noonday->;time_of_day;hour->;time;clock_time->;indication;Reading;meter_reading->;data_point;datum->;information->;noesis;cognition;knowledge->;psychological_feature->;abstraction;abstract_entity->;entity->]
	string[;string->;accumulation;aggregation;assemblage;collection->;group;grouping->;abstraction;abstract_entity->;entity->]
Method = LeacockChodorow
	Score = 0.916290731874155
	Match =eng-30-00002137-n;abstraction;abstract_entity
	noon[;noon;midday;twelve_noon;noontide;high_noon;noonday->;time_of_day;hour->;time;clock_time->;indication;Reading;meter_reading->;data_point;datum->;information->;noesis;cognition;knowledge->;psychological_feature->;abstraction;abstract_entity->;entity->]
	string[;string->;accumulation;aggregation;assemblage;collection->;group;grouping->;abstraction;abstract_entity->;entity->]
Method = WuPalmer
	Score = 0.26666666666666666
	Match =eng-30-00002137-n;abstraction;abstract_entity
	noon[;noon;midday;twelve_noon;noontide;high_noon;noonday->;time_of_day;hour->;time;clock_time->;indication;Reading;meter_reading->;data_point;datum->;information->;noesis;cognition;knowledge->;psychological_feature->;abstraction;abstract_entity->;entity->]
	string[;string->;accumulation;aggregation;assemblage;collection->;group;grouping->;abstraction;abstract_entity->;entity->]
Method = Resnik
	Score = 0.7794168300527748
	Match =eng-30-00002137-n;abstraction;abstract_entity
	IcLcs = 0.45867341787880433
	noon[;noon;midday;twelve_noon;noontide;high_noon;noonday->;time_of_day;hour->;time;clock_time->;indication;Reading;meter_reading->;data_point;datum->;information->;noesis;cognition;knowledge->;psychological_feature->;abstraction;abstract_entity->;entity->]
	string[;string->;accumulation;aggregation;assemblage;collection->;group;grouping->;abstraction;abstract_entity->;entity->]
Method = Lin
	Score = 0.09234825109571426
	Match =eng-30-00002137-n;abstraction;abstract_entity
Ic1 = 9.568535271308354
Ic2 = 0.0
IcLcs = 0.7794168300527748
	noon[;noon;midday;twelve_noon;noontide;high_noon;noonday->;time_of_day;hour->;time;clock_time->;indication;Reading;meter_reading->;data_point;datum->;information->;noesis;cognition;knowledge->;psychological_feature->;abstraction;abstract_entity->;entity->]
	string[;string->;sequence->;series->;order;ordination;ordering->;arrangement->;group;grouping->;abstraction;abstract_entity->;entity->]
Method = JiangConrath
	Score = 0.0652694046478817
	Match =eng-30-00002137-n;abstraction;abstract_entity
Ic1 = 9.568535271308354
Ic2 = 0.0
IcLcs = 0.7794168300527748
	noon[;noon;midday;twelve_noon;noontide;high_noon;noonday->;time_of_day;hour->;time;clock_time->;indication;Reading;meter_reading->;data_point;datum->;information->;noesis;cognition;knowledge->;psychological_feature->;abstraction;abstract_entity->;entity->]
	string[;string->;sequence->;series->;order;ordination;ordering->;arrangement->;group;grouping->;abstraction;abstract_entity->;entity->]

